<?xml version="1.0" encoding="utf-8"?>
<testsuites name="pytest tests">
  <testsuite name="pytest" errors="0" failures="0" skipped="0" tests="81" time="61.386" timestamp="2025-12-19T01:07:35.842940+03:00" hostname="LAPTOP-M7QQLGU0">
    <testcase classname="api.tests.test_auth.AuthenticationTests" name="test_user_login_with_invalid_credentials" time="0.958" />
    <testcase classname="api.tests.test_auth.AuthenticationTests" name="test_user_logout" time="0.594" />
    <testcase classname="api.tests.test_auth.AuthenticationTests" name="test_user_registration" time="0.273" />
    <testcase classname="api.tests.test_bookmark_api.BookmarkAPITests" name="test_bookmark_thread" time="0.538" />
    <testcase classname="api.tests.test_bookmark_api.BookmarkAPITests" name="test_bookmark_unauthenticated" time="0.554" />
    <testcase classname="api.tests.test_bookmark_api.BookmarkAPITests" name="test_list_bookmarked_threads" time="0.692" />
    <testcase classname="api.tests.test_bookmark_api.BookmarkAPITests" name="test_list_bookmarked_threads_empty" time="0.826" />
    <testcase classname="api.tests.test_bookmark_api.BookmarkAPITests" name="test_unbookmark_thread" time="0.652" />
    <testcase classname="api.tests.test_challenge_creatation.ChallengeCreationTests" name="test_create_challenge_invalid_dates" time="0.708" />
    <testcase classname="api.tests.test_challenge_creatation.ChallengeCreationTests" name="test_create_challenge_missing_required_fields" time="0.690" />
    <testcase classname="api.tests.test_challenge_creatation.ChallengeCreationTests" name="test_create_challenge_non_coach_fails" time="0.590" />
    <testcase classname="api.tests.test_challenge_creatation.ChallengeCreationTests" name="test_create_challenge_successful" time="0.706" />
    <testcase classname="api.tests.test_challenge_creatation.ChallengeCreationTests" name="test_create_challenge_with_explicit_coordinates" time="0.571" />
    <testcase classname="api.tests.test_challenge_creatation.ChallengeCreationTests" name="test_create_challenge_with_location_geocoding" time="0.572" />
    <testcase classname="api.tests.test_comment_api.CommentAPITests" name="test_add_comment" time="0.880" />
    <testcase classname="api.tests.test_comment_api.CommentAPITests" name="test_add_subcomment" time="0.837" />
    <testcase classname="api.tests.test_comment_api.CommentAPITests" name="test_delete_comment_author" time="0.835" />
    <testcase classname="api.tests.test_comment_api.CommentAPITests" name="test_delete_comment_other_user" time="0.817" />
    <testcase classname="api.tests.test_comment_api.CommentAPITests" name="test_delete_subcomment_author" time="0.851" />
    <testcase classname="api.tests.test_comment_api.CommentAPITests" name="test_delete_subcomment_other_user" time="0.867" />
    <testcase classname="api.tests.test_comment_api.CommentAPITests" name="test_update_comment_author" time="0.832" />
    <testcase classname="api.tests.test_comment_api.CommentAPITests" name="test_update_comment_other_user" time="0.839" />
    <testcase classname="api.tests.test_comment_api.CommentAPITests" name="test_update_subcomment_author" time="0.825" />
    <testcase classname="api.tests.test_comment_api.CommentAPITests" name="test_update_subcomment_other_user" time="0.969" />
    <testcase classname="api.tests.test_forum_api.ForumAPITests" name="test_create_forum_admin" time="0.542" />
    <testcase classname="api.tests.test_forum_api.ForumAPITests" name="test_create_forum_regular_user" time="0.561" />
    <testcase classname="api.tests.test_forum_api.ForumAPITests" name="test_create_forum_unauthenticated" time="0.539" />
    <testcase classname="api.tests.test_forum_api.ForumAPITests" name="test_delete_forum_admin" time="0.567" />
    <testcase classname="api.tests.test_forum_api.ForumAPITests" name="test_delete_forum_regular_user" time="0.539" />
    <testcase classname="api.tests.test_forum_api.ForumAPITests" name="test_list_forums" time="0.561" />
    <testcase classname="api.tests.test_forum_api.ForumAPITests" name="test_retrieve_forum" time="0.555" />
    <testcase classname="api.tests.test_forum_api.ForumAPITests" name="test_thread_count" time="0.571" />
    <testcase classname="api.tests.test_forum_api.ForumAPITests" name="test_update_forum_admin" time="0.548" />
    <testcase classname="api.tests.test_forum_api.ForumAPITests" name="test_update_forum_regular_user" time="0.556" />
    <testcase classname="api.tests.test_forum_permissions.ForumPermissionsTest" name="test_delete_access_author" time="0.878" />
    <testcase classname="api.tests.test_forum_permissions.ForumPermissionsTest" name="test_delete_access_other_user" time="0.860" />
    <testcase classname="api.tests.test_forum_permissions.ForumPermissionsTest" name="test_read_access_allowed" time="0.824" />
    <testcase classname="api.tests.test_forum_permissions.ForumPermissionsTest" name="test_write_access_author" time="0.859" />
    <testcase classname="api.tests.test_forum_permissions.ForumPermissionsTest" name="test_write_access_other_user" time="0.850" />
    <testcase classname="api.tests.test_ip_location.IPLocationTests" name="test_authentication_required" time="0.283" />
    <testcase classname="api.tests.test_ip_location.IPLocationTests" name="test_get_location_from_ip_failure" time="0.278" />
    <testcase classname="api.tests.test_ip_location.IPLocationTests" name="test_get_location_from_ip_success" time="0.317" />
    <testcase classname="api.tests.test_mentor.MentorRelationshipTests" name="test_accept_relationship_only_by_receiver" time="0.834" />
    <testcase classname="api.tests.test_mentor.MentorRelationshipTests" name="test_create_relationship_by_coach_sends_notification" time="0.869" />
    <testcase classname="api.tests.test_mentor.MentorRelationshipTests" name="test_create_relationship_by_user_sets_sender_receiver" time="0.860" />
    <testcase classname="api.tests.test_mentor.MentorRelationshipTests" name="test_list_relationships_with_status_filter" time="0.836" />
    <testcase classname="api.tests.test_mentor.MentorRelationshipTests" name="test_relationship_detail_requires_involved_user" time="0.845" />
    <testcase classname="api.tests.test_mentor.MentorRelationshipTests" name="test_terminate_relationship_only_mentor_or_mentee" time="0.831" />
    <testcase classname="api.tests.test_mentor.MentorRelationshipTests" name="test_validation_blocks_same_user" time="0.956" />
    <testcase classname="api.tests.test_notif_for_comments.NotificationSignalTests" name="test_comment_triggers_notification_to_thread_owner" time="0.840" />
    <testcase classname="api.tests.test_notif_for_comments.NotificationSignalTests" name="test_no_notification_for_self_comment" time="0.836" />
    <testcase classname="api.tests.test_notif_for_comments.NotificationSignalTests" name="test_no_notification_for_self_subcomment" time="0.853" />
    <testcase classname="api.tests.test_notif_for_comments.NotificationSignalTests" name="test_subcomment_triggers_notification_to_comment_author" time="0.810" />
    <testcase classname="api.tests.test_profile.ProfileTests" name="test_get_profile" time="0.627" />
    <testcase classname="api.tests.test_profile.ProfileTests" name="test_profile_age_calculation" time="0.650" />
    <testcase classname="api.tests.test_profile.ProfileTests" name="test_profile_created_with_user" time="0.584" />
    <testcase classname="api.tests.test_profile.ProfileTests" name="test_update_profile" time="0.582" />
    <testcase classname="api.tests.test_profile.ProfileTests" name="test_update_profile_invalid_data" time="0.565" />
    <testcase classname="api.tests.test_search_challenges.SearchChallengesAPITest" name="test_age_range_filter" time="0.589" />
    <testcase classname="api.tests.test_search_challenges.SearchChallengesAPITest" name="test_filter_active_false_returns_past_and_future" time="0.545" />
    <testcase classname="api.tests.test_search_challenges.SearchChallengesAPITest" name="test_filter_active_true_returns_only_current" time="0.598" />
    <testcase classname="api.tests.test_search_challenges.SearchChallengesAPITest" name="test_filter_user_participating_false" time="0.543" />
    <testcase classname="api.tests.test_search_challenges.SearchChallengesAPITest" name="test_filter_user_participating_true" time="0.551" />
    <testcase classname="api.tests.test_search_challenges.SearchChallengesAPITest" name="test_invalid_radius_returns_400" time="4.065" />
    <testcase classname="api.tests.test_search_challenges.SearchChallengesAPITest" name="test_location_radius_filter" time="2.008" />
    <testcase classname="api.tests.test_search_challenges.SearchChallengesAPITest" name="test_requires_authentication" time="0.595" />
    <testcase classname="api.tests.test_thread_api.ThreadAPITests" name="test_create_thread_authenticated" time="0.839" />
    <testcase classname="api.tests.test_thread_api.ThreadAPITests" name="test_create_thread_unauthenticated" time="0.804" />
    <testcase classname="api.tests.test_thread_api.ThreadAPITests" name="test_delete_thread_author" time="0.855" />
    <testcase classname="api.tests.test_thread_api.ThreadAPITests" name="test_delete_thread_other_user" time="0.833" />
    <testcase classname="api.tests.test_thread_api.ThreadAPITests" name="test_list_threads" time="0.833" />
    <testcase classname="api.tests.test_thread_api.ThreadAPITests" name="test_partial_update_thread_author" time="0.811" />
    <testcase classname="api.tests.test_thread_api.ThreadAPITests" name="test_retrieve_thread_increments_view_count" time="0.820" />
    <testcase classname="api.tests.test_thread_api.ThreadAPITests" name="test_update_thread_author" time="0.860" />
    <testcase classname="api.tests.test_thread_api.ThreadAPITests" name="test_update_thread_other_user" time="0.828" />
    <testcase classname="api.tests.test_vote_api.VoteAPITests" name="test_change_vote" time="0.556" />
    <testcase classname="api.tests.test_vote_api.VoteAPITests" name="test_delete_vote" time="0.562" />
    <testcase classname="api.tests.test_vote_api.VoteAPITests" name="test_downvote_thread" time="0.545" />
    <testcase classname="api.tests.test_vote_api.VoteAPITests" name="test_upvote_thread" time="0.590" />
    <testcase classname="api.tests.test_vote_api.VoteAPITests" name="test_vote_comment" time="0.556" />
    <testcase classname="api.tests.test_vote_api.VoteAPITests" name="test_vote_subcomment" time="0.589" />
  </testsuite>
</testsuites>
