<?xml version="1.0" encoding="utf-8"?><testsuites name="pytest tests"><testsuite name="pytest" errors="0" failures="0" skipped="0" tests="94" time="45.832" timestamp="2025-12-20T12:03:34.383797+00:00" hostname="berkaybgk-6.local"><testcase classname="api.tests.test_auth.AuthenticationTests" name="test_user_login_with_invalid_credentials" time="0.624" /><testcase classname="api.tests.test_auth.AuthenticationTests" name="test_user_logout" time="0.442" /><testcase classname="api.tests.test_auth.AuthenticationTests" name="test_user_registration" time="0.213" /><testcase classname="api.tests.test_bookmark_api.BookmarkAPITests" name="test_bookmark_thread" time="0.419" /><testcase classname="api.tests.test_bookmark_api.BookmarkAPITests" name="test_bookmark_unauthenticated" time="0.404" /><testcase classname="api.tests.test_bookmark_api.BookmarkAPITests" name="test_list_bookmarked_threads" time="0.409" /><testcase classname="api.tests.test_bookmark_api.BookmarkAPITests" name="test_list_bookmarked_threads_empty" time="0.418" /><testcase classname="api.tests.test_bookmark_api.BookmarkAPITests" name="test_unbookmark_thread" time="0.409" /><testcase classname="api.tests.test_challenge_creatation.ChallengeCreationTests" name="test_create_challenge_invalid_dates" time="0.421" /><testcase classname="api.tests.test_challenge_creatation.ChallengeCreationTests" name="test_create_challenge_missing_required_fields" time="0.439" /><testcase classname="api.tests.test_challenge_creatation.ChallengeCreationTests" name="test_create_challenge_non_coach_fails" time="0.395" /><testcase classname="api.tests.test_challenge_creatation.ChallengeCreationTests" name="test_create_challenge_successful" time="0.422" /><testcase classname="api.tests.test_challenge_creatation.ChallengeCreationTests" name="test_create_challenge_with_explicit_coordinates" time="0.395" /><testcase classname="api.tests.test_challenge_creatation.ChallengeCreationTests" name="test_create_challenge_with_location_geocoding" time="0.397" /><testcase classname="api.tests.test_comment_api.CommentAPITests" name="test_add_comment" time="0.616" /><testcase classname="api.tests.test_comment_api.CommentAPITests" name="test_add_subcomment" time="0.593" /><testcase classname="api.tests.test_comment_api.CommentAPITests" name="test_delete_comment_author" time="0.610" /><testcase classname="api.tests.test_comment_api.CommentAPITests" name="test_delete_comment_other_user" time="0.597" /><testcase classname="api.tests.test_comment_api.CommentAPITests" name="test_delete_subcomment_author" time="0.607" /><testcase classname="api.tests.test_comment_api.CommentAPITests" name="test_delete_subcomment_other_user" time="0.654" /><testcase classname="api.tests.test_comment_api.CommentAPITests" name="test_update_comment_author" time="0.593" /><testcase classname="api.tests.test_comment_api.CommentAPITests" name="test_update_comment_other_user" time="0.593" /><testcase classname="api.tests.test_comment_api.CommentAPITests" name="test_update_subcomment_author" time="0.599" /><testcase classname="api.tests.test_comment_api.CommentAPITests" name="test_update_subcomment_other_user" time="0.660" /><testcase classname="api.tests.test_forum_api.ForumAPITests" name="test_create_forum_admin" time="0.427" /><testcase classname="api.tests.test_forum_api.ForumAPITests" name="test_create_forum_regular_user" time="0.400" /><testcase classname="api.tests.test_forum_api.ForumAPITests" name="test_create_forum_unauthenticated" time="0.452" /><testcase classname="api.tests.test_forum_api.ForumAPITests" name="test_delete_forum_admin" time="0.408" /><testcase classname="api.tests.test_forum_api.ForumAPITests" name="test_delete_forum_regular_user" time="0.401" /><testcase classname="api.tests.test_forum_api.ForumAPITests" name="test_list_forums" time="0.402" /><testcase classname="api.tests.test_forum_api.ForumAPITests" name="test_retrieve_forum" time="0.404" /><testcase classname="api.tests.test_forum_api.ForumAPITests" name="test_thread_count" time="0.405" /><testcase classname="api.tests.test_forum_api.ForumAPITests" name="test_update_forum_admin" time="0.818" /><testcase classname="api.tests.test_forum_api.ForumAPITests" name="test_update_forum_regular_user" time="0.433" /><testcase classname="api.tests.test_forum_permissions.ForumPermissionsTest" name="test_delete_access_author" time="0.866" /><testcase classname="api.tests.test_forum_permissions.ForumPermissionsTest" name="test_delete_access_other_user" time="0.723" /><testcase classname="api.tests.test_forum_permissions.ForumPermissionsTest" name="test_read_access_allowed" time="0.593" /><testcase classname="api.tests.test_forum_permissions.ForumPermissionsTest" name="test_write_access_author" time="0.592" /><testcase classname="api.tests.test_forum_permissions.ForumPermissionsTest" name="test_write_access_other_user" time="0.604" /><testcase classname="api.tests.test_goal_suggestions.GoalSuggestionsTests" name="test_get_suggestions_ai_service_error" time="0.232" /><testcase classname="api.tests.test_goal_suggestions.GoalSuggestionsTests" name="test_get_suggestions_realistic_goal" time="0.281" /><testcase classname="api.tests.test_goal_suggestions.GoalSuggestionsTests" name="test_get_suggestions_requires_authentication" time="0.344" /><testcase classname="api.tests.test_goal_suggestions.GoalSuggestionsTests" name="test_get_suggestions_requires_title" time="0.203" /><testcase classname="api.tests.test_goal_suggestions.GoalSuggestionsTests" name="test_get_suggestions_unrealistic_goal" time="0.205" /><testcase classname="api.tests.test_goal_suggestions.GoalSuggestionsTests" name="test_get_suggestions_with_empty_description" time="0.196" /><testcase classname="api.tests.test_goal_suggestions.GoalSuggestionsTests" name="test_rate_limiting" time="0.208" /><testcase classname="api.tests.test_goal_suggestions.GoalSuggestionsTests" name="test_user_context_gathering" time="0.201" /><testcase classname="api.tests.test_goal_suggestions.GoalSuggestionsEliteAthleteTests" name="test_elite_athlete_championship_goal_is_realistic" time="0.219" /><testcase classname="api.tests.test_goal_suggestions.GoalSuggestionsTipsValidationTests" name="test_tips_are_exactly_three" time="0.213" /><testcase classname="api.tests.test_goal_suggestions.GoalSuggestionsTipsValidationTests" name="test_tips_max_length_enforcement" time="0.212" /><testcase classname="api.tests.test_goal_suggestions.GoalSuggestionsValidationTests" name="test_days_out_of_range_gets_default" time="0.220" /><testcase classname="api.tests.test_goal_suggestions.GoalSuggestionsValidationTests" name="test_invalid_goal_type_defaults_to_workout" time="0.206" /><testcase classname="api.tests.test_ip_location.IPLocationTests" name="test_authentication_required" time="0.211" /><testcase classname="api.tests.test_ip_location.IPLocationTests" name="test_get_location_from_ip_failure" time="0.254" /><testcase classname="api.tests.test_ip_location.IPLocationTests" name="test_get_location_from_ip_success" time="0.208" /><testcase classname="api.tests.test_mentor.MentorRelationshipTests" name="test_accept_relationship_only_by_receiver" time="0.636" /><testcase classname="api.tests.test_mentor.MentorRelationshipTests" name="test_create_relationship_by_coach_sends_notification" time="0.606" /><testcase classname="api.tests.test_mentor.MentorRelationshipTests" name="test_create_relationship_by_user_sets_sender_receiver" time="0.601" /><testcase classname="api.tests.test_mentor.MentorRelationshipTests" name="test_list_relationships_with_status_filter" time="0.622" /><testcase classname="api.tests.test_mentor.MentorRelationshipTests" name="test_relationship_detail_requires_involved_user" time="0.683" /><testcase classname="api.tests.test_mentor.MentorRelationshipTests" name="test_terminate_relationship_only_mentor_or_mentee" time="0.623" /><testcase classname="api.tests.test_mentor.MentorRelationshipTests" name="test_validation_blocks_same_user" time="0.605" /><testcase classname="api.tests.test_notif_for_comments.NotificationSignalTests" name="test_comment_triggers_notification_to_thread_owner" time="0.599" /><testcase classname="api.tests.test_notif_for_comments.NotificationSignalTests" name="test_no_notification_for_self_comment" time="0.599" /><testcase classname="api.tests.test_notif_for_comments.NotificationSignalTests" name="test_no_notification_for_self_subcomment" time="0.660" /><testcase classname="api.tests.test_notif_for_comments.NotificationSignalTests" name="test_subcomment_triggers_notification_to_comment_author" time="0.593" /><testcase classname="api.tests.test_profile.ProfileTests" name="test_get_profile" time="0.428" /><testcase classname="api.tests.test_profile.ProfileTests" name="test_profile_age_calculation" time="0.419" /><testcase classname="api.tests.test_profile.ProfileTests" name="test_profile_created_with_user" time="0.397" /><testcase classname="api.tests.test_profile.ProfileTests" name="test_update_profile" time="0.414" /><testcase classname="api.tests.test_profile.ProfileTests" name="test_update_profile_invalid_data" time="0.411" /><testcase classname="api.tests.test_search_challenges.SearchChallengesAPITest" name="test_age_range_filter" time="0.483" /><testcase classname="api.tests.test_search_challenges.SearchChallengesAPITest" name="test_filter_active_false_returns_past_and_future" time="0.401" /><testcase classname="api.tests.test_search_challenges.SearchChallengesAPITest" name="test_filter_active_true_returns_only_current" time="0.404" /><testcase classname="api.tests.test_search_challenges.SearchChallengesAPITest" name="test_filter_user_participating_false" time="0.448" /><testcase classname="api.tests.test_search_challenges.SearchChallengesAPITest" name="test_filter_user_participating_true" time="0.405" /><testcase classname="api.tests.test_search_challenges.SearchChallengesAPITest" name="test_invalid_radius_returns_400" time="0.752" /><testcase classname="api.tests.test_search_challenges.SearchChallengesAPITest" name="test_location_radius_filter" time="1.965" /><testcase classname="api.tests.test_search_challenges.SearchChallengesAPITest" name="test_requires_authentication" time="0.416" /><testcase classname="api.tests.test_thread_api.ThreadAPITests" name="test_create_thread_authenticated" time="0.701" /><testcase classname="api.tests.test_thread_api.ThreadAPITests" name="test_create_thread_unauthenticated" time="0.601" /><testcase classname="api.tests.test_thread_api.ThreadAPITests" name="test_delete_thread_author" time="0.603" /><testcase classname="api.tests.test_thread_api.ThreadAPITests" name="test_delete_thread_other_user" time="0.592" /><testcase classname="api.tests.test_thread_api.ThreadAPITests" name="test_list_threads" time="0.589" /><testcase classname="api.tests.test_thread_api.ThreadAPITests" name="test_partial_update_thread_author" time="0.595" /><testcase classname="api.tests.test_thread_api.ThreadAPITests" name="test_retrieve_thread_increments_view_count" time="0.654" /><testcase classname="api.tests.test_thread_api.ThreadAPITests" name="test_update_thread_author" time="0.601" /><testcase classname="api.tests.test_thread_api.ThreadAPITests" name="test_update_thread_other_user" time="0.591" /><testcase classname="api.tests.test_vote_api.VoteAPITests" name="test_change_vote" time="0.435" /><testcase classname="api.tests.test_vote_api.VoteAPITests" name="test_delete_vote" time="0.410" /><testcase classname="api.tests.test_vote_api.VoteAPITests" name="test_downvote_thread" time="0.403" /><testcase classname="api.tests.test_vote_api.VoteAPITests" name="test_upvote_thread" time="0.410" /><testcase classname="api.tests.test_vote_api.VoteAPITests" name="test_vote_comment" time="0.403" /><testcase classname="api.tests.test_vote_api.VoteAPITests" name="test_vote_subcomment" time="0.434" /></testsuite></testsuites>