<?xml version="1.0" encoding="UTF-8" ?>
<testsuites name="vitest tests" tests="71" failures="0" errors="0" time="3.360855583">
    <testsuite name="src/components/__tests__/ActivityDashboard.test.tsx" timestamp="2025-12-19T20:41:03.845Z" hostname="berkaybgk-6.local" tests="7" failures="0" errors="0" skipped="0" time="0.135286708">
        <testcase classname="src/components/__tests__/ActivityDashboard.test.tsx" name="ActivityDashboard &gt; renders loading state when stats are loading" time="0.026594416">
        </testcase>
        <testcase classname="src/components/__tests__/ActivityDashboard.test.tsx" name="ActivityDashboard &gt; renders stats correctly" time="0.016054834">
        </testcase>
        <testcase classname="src/components/__tests__/ActivityDashboard.test.tsx" name="ActivityDashboard &gt; renders calendar with current month" time="0.011028666">
        </testcase>
        <testcase classname="src/components/__tests__/ActivityDashboard.test.tsx" name="ActivityDashboard &gt; shows upcoming deadlines section" time="0.010839">
        </testcase>
        <testcase classname="src/components/__tests__/ActivityDashboard.test.tsx" name="ActivityDashboard &gt; shows empty state when no upcoming deadlines" time="0.012209041">
        </testcase>
        <testcase classname="src/components/__tests__/ActivityDashboard.test.tsx" name="ActivityDashboard &gt; navigates to goals page when clicking on a goal deadline" time="0.034119875">
        </testcase>
        <testcase classname="src/components/__tests__/ActivityDashboard.test.tsx" name="ActivityDashboard &gt; navigates to challenges page when clicking on a challenge deadline" time="0.022706333">
        </testcase>
    </testsuite>
    <testsuite name="src/lib/hooks/__tests__/useAuth.test.tsx" timestamp="2025-12-19T20:41:03.846Z" hostname="berkaybgk-6.local" tests="9" failures="0" errors="0" skipped="0" time="0.389673875">
        <testcase classname="src/lib/hooks/__tests__/useAuth.test.tsx" name="useAuth Hooks &gt; useUser &gt; fetches user data successfully" time="0.063311291">
        </testcase>
        <testcase classname="src/lib/hooks/__tests__/useAuth.test.tsx" name="useAuth Hooks &gt; useUser &gt; handles error when fetching user data fails" time="0.053915917">
        </testcase>
        <testcase classname="src/lib/hooks/__tests__/useAuth.test.tsx" name="useAuth Hooks &gt; useIsAuthenticated &gt; returns true when user is authenticated" time="0.054311208">
        </testcase>
        <testcase classname="src/lib/hooks/__tests__/useAuth.test.tsx" name="useAuth Hooks &gt; useIsAuthenticated &gt; returns false when user is not authenticated" time="0.002492209">
        </testcase>
        <testcase classname="src/lib/hooks/__tests__/useAuth.test.tsx" name="useAuth Hooks &gt; useIsAuthenticated &gt; returns loading state while fetching" time="0.001312792">
        </testcase>
        <testcase classname="src/lib/hooks/__tests__/useAuth.test.tsx" name="useAuth Hooks &gt; useLogin &gt; logs in successfully and invalidates queries" time="0.053065834">
        </testcase>
        <testcase classname="src/lib/hooks/__tests__/useAuth.test.tsx" name="useAuth Hooks &gt; useLogin &gt; handles login error" time="0.053986666">
        </testcase>
        <testcase classname="src/lib/hooks/__tests__/useAuth.test.tsx" name="useAuth Hooks &gt; useLogout &gt; logs out successfully and clears cache" time="0.052795875">
        </testcase>
        <testcase classname="src/lib/hooks/__tests__/useAuth.test.tsx" name="useAuth Hooks &gt; useLogout &gt; clears cache even when logout fails" time="0.053097417">
        </testcase>
    </testsuite>
    <testsuite name="src/lib/utils/__tests__/index.test.ts" timestamp="2025-12-19T20:41:03.847Z" hostname="berkaybgk-6.local" tests="4" failures="0" errors="0" skipped="0" time="0.002080791">
        <testcase classname="src/lib/utils/__tests__/index.test.ts" name="Utility Functions &gt; cn (className utility) &gt; merges class names correctly" time="0.000660167">
        </testcase>
        <testcase classname="src/lib/utils/__tests__/index.test.ts" name="Utility Functions &gt; cn (className utility) &gt; handles conditional classes" time="0.000198291">
        </testcase>
        <testcase classname="src/lib/utils/__tests__/index.test.ts" name="Utility Functions &gt; cn (className utility) &gt; handles empty string values" time="0.00006425">
        </testcase>
        <testcase classname="src/lib/utils/__tests__/index.test.ts" name="Utility Functions &gt; cn (className utility) &gt; merges Tailwind classes correctly" time="0.000057958">
        </testcase>
    </testsuite>
    <testsuite name="src/components/ui/__tests__/button.test.tsx" timestamp="2025-12-19T20:41:03.847Z" hostname="berkaybgk-6.local" tests="8" failures="0" errors="0" skipped="0" time="0.0522075">
        <testcase classname="src/components/ui/__tests__/button.test.tsx" name="Button &gt; renders button with text" time="0.019152166">
        </testcase>
        <testcase classname="src/components/ui/__tests__/button.test.tsx" name="Button &gt; handles click events" time="0.012098333">
        </testcase>
        <testcase classname="src/components/ui/__tests__/button.test.tsx" name="Button &gt; can be disabled" time="0.007138334">
        </testcase>
        <testcase classname="src/components/ui/__tests__/button.test.tsx" name="Button &gt; renders with different variants" time="0.005720084">
        </testcase>
        <testcase classname="src/components/ui/__tests__/button.test.tsx" name="Button &gt; renders with different sizes" time="0.00291975">
        </testcase>
        <testcase classname="src/components/ui/__tests__/button.test.tsx" name="Button &gt; can render as a child component" time="0.0019495">
        </testcase>
        <testcase classname="src/components/ui/__tests__/button.test.tsx" name="Button &gt; applies custom className" time="0.001212709">
        </testcase>
        <testcase classname="src/components/ui/__tests__/button.test.tsx" name="Button &gt; forwards ref correctly" time="0.000653708">
        </testcase>
    </testsuite>
    <testsuite name="src/pages/contact/__tests__/ContactPage.test.tsx" timestamp="2025-12-19T20:41:03.848Z" hostname="berkaybgk-6.local" tests="13" failures="0" errors="0" skipped="0" time="1.692500667">
        <testcase classname="src/pages/contact/__tests__/ContactPage.test.tsx" name="ContactPage &gt; should render the contact page with main heading" time="0.017382709">
        </testcase>
        <testcase classname="src/pages/contact/__tests__/ContactPage.test.tsx" name="ContactPage &gt; should render the contact form" time="0.008400625">
        </testcase>
        <testcase classname="src/pages/contact/__tests__/ContactPage.test.tsx" name="ContactPage &gt; should render additional contact information" time="0.00331025">
        </testcase>
        <testcase classname="src/pages/contact/__tests__/ContactPage.test.tsx" name="ContactPage &gt; should update form fields when user types" time="0.18036975">
        </testcase>
        <testcase classname="src/pages/contact/__tests__/ContactPage.test.tsx" name="ContactPage &gt; should disable submit button when form is submitting" time="0.162751708">
        </testcase>
        <testcase classname="src/pages/contact/__tests__/ContactPage.test.tsx" name="ContactPage &gt; should show success message after successful submission" time="0.1814285">
        </testcase>
        <testcase classname="src/pages/contact/__tests__/ContactPage.test.tsx" name="ContactPage &gt; should show default success message when no message from API" time="0.201342375">
        </testcase>
        <testcase classname="src/pages/contact/__tests__/ContactPage.test.tsx" name="ContactPage &gt; should call fetch with correct parameters" time="0.179347541">
        </testcase>
        <testcase classname="src/pages/contact/__tests__/ContactPage.test.tsx" name="ContactPage &gt; should show error message when API request fails" time="0.176706292">
        </testcase>
        <testcase classname="src/pages/contact/__tests__/ContactPage.test.tsx" name="ContactPage &gt; should show error message when API returns non-JSON response" time="0.153581666">
        </testcase>
        <testcase classname="src/pages/contact/__tests__/ContactPage.test.tsx" name="ContactPage &gt; should show specific error message when fetch throws an Error instance" time="0.147941166">
        </testcase>
        <testcase classname="src/pages/contact/__tests__/ContactPage.test.tsx" name="ContactPage &gt; should show generic error message when non-Error exception is thrown" time="0.139752083">
        </testcase>
        <testcase classname="src/pages/contact/__tests__/ContactPage.test.tsx" name="ContactPage &gt; should handle missing CSRF token gracefully" time="0.138706833">
        </testcase>
    </testsuite>
    <testsuite name="src/pages/home/__tests__/HomePage.test.tsx" timestamp="2025-12-19T20:41:03.849Z" hostname="berkaybgk-6.local" tests="13" failures="0" errors="0" skipped="0" time="0.266399833">
        <testcase classname="src/pages/home/__tests__/HomePage.test.tsx" name="HomePage &gt; shows loading state while checking authentication" time="0.012851">
        </testcase>
        <testcase classname="src/pages/home/__tests__/HomePage.test.tsx" name="HomePage &gt; redirects to auth page when not authenticated" time="0.001549459">
        </testcase>
        <testcase classname="src/pages/home/__tests__/HomePage.test.tsx" name="HomePage &gt; shows loading state while fetching data" time="0.001804583">
        </testcase>
        <testcase classname="src/pages/home/__tests__/HomePage.test.tsx" name="HomePage &gt; shows error state when data fetching fails" time="0.009010209">
        </testcase>
        <testcase classname="src/pages/home/__tests__/HomePage.test.tsx" name="HomePage &gt; renders all main sections when data is loaded" time="0.004476458">
        </testcase>
        <testcase classname="src/pages/home/__tests__/HomePage.test.tsx" name="HomePage &gt; handles nutrition analyzer form submission" time="0.066687583">
        </testcase>
        <testcase classname="src/pages/home/__tests__/HomePage.test.tsx" name="HomePage &gt; shows analyzing state during food analysis" time="0.046360959">
        </testcase>
        <testcase classname="src/pages/home/__tests__/HomePage.test.tsx" name="HomePage &gt; handles nutrition analyzer error" time="0.038487833">
        </testcase>
        <testcase classname="src/pages/home/__tests__/HomePage.test.tsx" name="HomePage &gt; disables analyze button when input is empty" time="0.006221166">
        </testcase>
        <testcase classname="src/pages/home/__tests__/HomePage.test.tsx" name="HomePage &gt; displays nutritional information correctly" time="0.061624459">
        </testcase>
        <testcase classname="src/pages/home/__tests__/HomePage.test.tsx" name="HomePage &gt; shows empty state for nutrition analyzer initially" time="0.003145292">
        </testcase>
        <testcase classname="src/pages/home/__tests__/HomePage.test.tsx" name="HomePage &gt; does not render daily quote when there is an error" time="0.002865125">
        </testcase>
        <testcase classname="src/pages/home/__tests__/HomePage.test.tsx" name="HomePage &gt; handles refresh button click on error state" time="0.010018625">
        </testcase>
    </testsuite>
    <testsuite name="src/pages/profile/__tests__/ProfilePage.test.tsx" timestamp="2025-12-19T20:41:03.849Z" hostname="berkaybgk-6.local" tests="5" failures="0" errors="0" skipped="0" time="0.621981875">
        <testcase classname="src/pages/profile/__tests__/ProfilePage.test.tsx" name="ProfilePage &gt; renders user information correctly" time="0.061839791">
        </testcase>
        <testcase classname="src/pages/profile/__tests__/ProfilePage.test.tsx" name="ProfilePage &gt; switches to edit mode when Edit Profile is clicked" time="0.18238775">
        </testcase>
        <testcase classname="src/pages/profile/__tests__/ProfilePage.test.tsx" name="ProfilePage &gt; cancels edit mode and reverts to view mode" time="0.34007875">
        </testcase>
        <testcase classname="src/pages/profile/__tests__/ProfilePage.test.tsx" name="ProfilePage &gt; renders empty state when user has no goals" time="0.016931959">
        </testcase>
        <testcase classname="src/pages/profile/__tests__/ProfilePage.test.tsx" name="ProfilePage &gt; renders goals list when goals data is present" time="0.019478125">
        </testcase>
    </testsuite>
    <testsuite name="src/pages/notifications/__tests__/NotificationPage.test.tsx" timestamp="2025-12-19T20:41:03.850Z" hostname="berkaybgk-6.local" tests="12" failures="0" errors="0" skipped="0" time="0.200724334">
        <testcase classname="src/pages/notifications/__tests__/NotificationPage.test.tsx" name="NotificationsPage - Minimal Environment Test &gt; should render the basic page structure without crashing" time="0.01610675">
        </testcase>
        <testcase classname="src/pages/notifications/__tests__/NotificationPage.test.tsx" name="NotificationsPage - Authentication Flow &gt; should redirect to auth page when user is not authenticated" time="0.001794292">
        </testcase>
        <testcase classname="src/pages/notifications/__tests__/NotificationPage.test.tsx" name="NotificationsPage - Authentication Flow &gt; should show loading state when authentication is loading" time="0.000779583">
        </testcase>
        <testcase classname="src/pages/notifications/__tests__/NotificationPage.test.tsx" name="NotificationsPage - Authentication Flow &gt; should show loading state when notifications are loading" time="0.003643959">
        </testcase>
        <testcase classname="src/pages/notifications/__tests__/NotificationPage.test.tsx" name="NotificationsPage - With Notification Data &gt; should display notifications when data is available" time="0.027240917">
        </testcase>
        <testcase classname="src/pages/notifications/__tests__/NotificationPage.test.tsx" name="NotificationsPage - With Notification Data &gt; should show correct tab counts" time="0.007657417">
        </testcase>
        <testcase classname="src/pages/notifications/__tests__/NotificationPage.test.tsx" name="NotificationsPage - With Notification Data &gt; should filter notifications by unread tab" time="0.046100167">
        </testcase>
        <testcase classname="src/pages/notifications/__tests__/NotificationPage.test.tsx" name="NotificationsPage - With Notification Data &gt; should filter notifications by read tab" time="0.037748875">
        </testcase>
        <testcase classname="src/pages/notifications/__tests__/NotificationPage.test.tsx" name="NotificationsPage - User Interactions &gt; should mark a notification as read when Mark as Read button is clicked" time="0.01300875">
        </testcase>
        <testcase classname="src/pages/notifications/__tests__/NotificationPage.test.tsx" name="NotificationsPage - User Interactions &gt; should open modal when notification is clicked" time="0.032628875">
        </testcase>
        <testcase classname="src/pages/notifications/__tests__/NotificationPage.test.tsx" name="NotificationsPage - User Interactions &gt; should show Mark All as Read button when there are unread notifications" time="0.0052935">
        </testcase>
        <testcase classname="src/pages/notifications/__tests__/NotificationPage.test.tsx" name="NotificationsPage - User Interactions &gt; should not show Mark All as Read button when all notifications are read" time="0.007261208">
        </testcase>
    </testsuite>
</testsuites>
