{"/Users/berkaybgk/Desktop/cs-related/bounswe2025group2/Web_Frontend/genfit_frontend/src/components/ActivityDashboard.css": {"path":"/Users/berkaybgk/Desktop/cs-related/bounswe2025group2/Web_Frontend/genfit_frontend/src/components/ActivityDashboard.css","statementMap":{},"fnMap":{},"branchMap":{},"s":{},"f":{},"b":{},"meta":{"lastBranch":0,"lastFunction":0,"lastStatement":0,"seen":{}}}
,"/Users/berkaybgk/Desktop/cs-related/bounswe2025group2/Web_Frontend/genfit_frontend/src/components/ActivityDashboard.tsx": {"path":"/Users/berkaybgk/Desktop/cs-related/bounswe2025group2/Web_Frontend/genfit_frontend/src/components/ActivityDashboard.tsx","statementMap":{"0":{"start":{"line":8,"column":18},"end":{"line":12,"column":null}},"1":{"start":{"line":9,"column":2},"end":{"line":12,"column":null}},"2":{"start":{"line":15,"column":19},"end":{"line":20,"column":null}},"3":{"start":{"line":16,"column":2},"end":{"line":20,"column":null}},"4":{"start":{"line":23,"column":19},"end":{"line":31,"column":null}},"5":{"start":{"line":24,"column":2},"end":{"line":31,"column":null}},"6":{"start":{"line":34,"column":21},"end":{"line":40,"column":null}},"7":{"start":{"line":35,"column":2},"end":{"line":40,"column":null}},"8":{"start":{"line":43,"column":18},"end":{"line":48,"column":null}},"9":{"start":{"line":44,"column":2},"end":{"line":48,"column":null}},"10":{"start":{"line":71,"column":8},"end":{"line":71,"column":null}},"11":{"start":{"line":72,"column":52},"end":{"line":72,"column":null}},"12":{"start":{"line":75,"column":26},"end":{"line":80,"column":null}},"13":{"start":{"line":76,"column":17},"end":{"line":76,"column":null}},"14":{"start":{"line":77,"column":18},"end":{"line":77,"column":null}},"15":{"start":{"line":78,"column":16},"end":{"line":78,"column":null}},"16":{"start":{"line":79,"column":4},"end":{"line":79,"column":null}},"17":{"start":{"line":84,"column":25},"end":{"line":89,"column":null}},"18":{"start":{"line":86,"column":21},"end":{"line":86,"column":null}},"19":{"start":{"line":87,"column":31},"end":{"line":87,"column":null}},"20":{"start":{"line":88,"column":4},"end":{"line":88,"column":null}},"21":{"start":{"line":92,"column":8},"end":{"line":191,"column":null}},"22":{"start":{"line":93,"column":18},"end":{"line":93,"column":null}},"23":{"start":{"line":94,"column":4},"end":{"line":94,"column":null}},"24":{"start":{"line":95,"column":17},"end":{"line":95,"column":null}},"25":{"start":{"line":96,"column":18},"end":{"line":96,"column":null}},"26":{"start":{"line":99,"column":21},"end":{"line":99,"column":null}},"27":{"start":{"line":100,"column":20},"end":{"line":100,"column":null}},"28":{"start":{"line":103,"column":27},"end":{"line":103,"column":null}},"29":{"start":{"line":106,"column":30},"end":{"line":106,"column":null}},"30":{"start":{"line":107,"column":29},"end":{"line":107,"column":null}},"31":{"start":{"line":110,"column":22},"end":{"line":110,"column":null}},"32":{"start":{"line":111,"column":23},"end":{"line":111,"column":null}},"33":{"start":{"line":112,"column":30},"end":{"line":112,"column":null}},"34":{"start":{"line":114,"column":32},"end":{"line":114,"column":null}},"35":{"start":{"line":117,"column":4},"end":{"line":125,"column":null}},"36":{"start":{"line":117,"column":17},"end":{"line":117,"column":40}},"37":{"start":{"line":118,"column":19},"end":{"line":118,"column":null}},"38":{"start":{"line":119,"column":6},"end":{"line":124,"column":null}},"39":{"start":{"line":128,"column":4},"end":{"line":177,"column":null}},"40":{"start":{"line":128,"column":17},"end":{"line":128,"column":20}},"41":{"start":{"line":129,"column":19},"end":{"line":129,"column":null}},"42":{"start":{"line":130,"column":22},"end":{"line":130,"column":null}},"43":{"start":{"line":133,"column":28},"end":{"line":133,"column":null}},"44":{"start":{"line":134,"column":23},"end":{"line":136,"column":null}},"45":{"start":{"line":139,"column":44},"end":{"line":139,"column":null}},"46":{"start":{"line":142,"column":6},"end":{"line":154,"column":null}},"47":{"start":{"line":143,"column":27},"end":{"line":143,"column":null}},"48":{"start":{"line":144,"column":28},"end":{"line":144,"column":null}},"49":{"start":{"line":145,"column":8},"end":{"line":153,"column":null}},"50":{"start":{"line":146,"column":28},"end":{"line":146,"column":null}},"51":{"start":{"line":147,"column":10},"end":{"line":152,"column":null}},"52":{"start":{"line":157,"column":6},"end":{"line":169,"column":null}},"53":{"start":{"line":158,"column":24},"end":{"line":158,"column":null}},"54":{"start":{"line":159,"column":33},"end":{"line":159,"column":null}},"55":{"start":{"line":160,"column":8},"end":{"line":168,"column":null}},"56":{"start":{"line":161,"column":28},"end":{"line":161,"column":null}},"57":{"start":{"line":162,"column":10},"end":{"line":167,"column":null}},"58":{"start":{"line":171,"column":6},"end":{"line":176,"column":null}},"59":{"start":{"line":180,"column":4},"end":{"line":188,"column":null}},"60":{"start":{"line":180,"column":17},"end":{"line":180,"column":20}},"61":{"start":{"line":181,"column":19},"end":{"line":181,"column":null}},"62":{"start":{"line":182,"column":6},"end":{"line":187,"column":null}},"63":{"start":{"line":190,"column":4},"end":{"line":190,"column":null}},"64":{"start":{"line":194,"column":8},"end":{"line":243,"column":null}},"65":{"start":{"line":195,"column":18},"end":{"line":195,"column":null}},"66":{"start":{"line":196,"column":4},"end":{"line":196,"column":null}},"67":{"start":{"line":197,"column":29},"end":{"line":197,"column":null}},"68":{"start":{"line":205,"column":9},"end":{"line":205,"column":null}},"69":{"start":{"line":208,"column":4},"end":{"line":222,"column":null}},"70":{"start":{"line":209,"column":6},"end":{"line":221,"column":null}},"71":{"start":{"line":210,"column":27},"end":{"line":210,"column":null}},"72":{"start":{"line":211,"column":8},"end":{"line":220,"column":null}},"73":{"start":{"line":212,"column":28},"end":{"line":212,"column":null}},"74":{"start":{"line":213,"column":10},"end":{"line":219,"column":null}},"75":{"start":{"line":225,"column":4},"end":{"line":239,"column":null}},"76":{"start":{"line":226,"column":6},"end":{"line":238,"column":null}},"77":{"start":{"line":227,"column":24},"end":{"line":227,"column":null}},"78":{"start":{"line":228,"column":8},"end":{"line":237,"column":null}},"79":{"start":{"line":229,"column":28},"end":{"line":229,"column":null}},"80":{"start":{"line":230,"column":10},"end":{"line":236,"column":null}},"81":{"start":{"line":242,"column":4},"end":{"line":242,"column":null}},"82":{"start":{"line":242,"column":36},"end":{"line":242,"column":71}},"83":{"start":{"line":245,"column":16},"end":{"line":245,"column":null}},"84":{"start":{"line":246,"column":20},"end":{"line":246,"column":null}},"85":{"start":{"line":248,"column":2},"end":{"line":250,"column":null}},"86":{"start":{"line":249,"column":4},"end":{"line":249,"column":null}},"87":{"start":{"line":252,"column":2},"end":{"line":387,"column":null}},"88":{"start":{"line":302,"column":18},"end":{"line":324,"column":null}},"89":{"start":{"line":305,"column":35},"end":{"line":305,"column":null}},"90":{"start":{"line":364,"column":32},"end":{"line":364,"column":null}},"91":{"start":{"line":365,"column":16},"end":{"line":380,"column":null}},"92":{"start":{"line":373,"column":46},"end":{"line":373,"column":63}},"93":{"start":{"line":376,"column":46},"end":{"line":376,"column":68}}},"fnMap":{"0":{"name":"(anonymous_0)","decl":{"start":{"line":8,"column":18},"end":{"line":8,"column":null}},"loc":{"start":{"line":9,"column":2},"end":{"line":12,"column":null}},"line":9},"1":{"name":"(anonymous_1)","decl":{"start":{"line":15,"column":19},"end":{"line":15,"column":null}},"loc":{"start":{"line":16,"column":2},"end":{"line":20,"column":null}},"line":16},"2":{"name":"(anonymous_2)","decl":{"start":{"line":23,"column":19},"end":{"line":23,"column":null}},"loc":{"start":{"line":24,"column":2},"end":{"line":31,"column":null}},"line":24},"3":{"name":"(anonymous_3)","decl":{"start":{"line":34,"column":21},"end":{"line":34,"column":null}},"loc":{"start":{"line":35,"column":2},"end":{"line":40,"column":null}},"line":35},"4":{"name":"(anonymous_4)","decl":{"start":{"line":43,"column":18},"end":{"line":43,"column":null}},"loc":{"start":{"line":44,"column":2},"end":{"line":48,"column":null}},"line":44},"5":{"name":"ActivityDashboard","decl":{"start":{"line":70,"column":16},"end":{"line":70,"column":34}},"loc":{"start":{"line":70,"column":112},"end":{"line":389,"column":null}},"line":70},"6":{"name":"(anonymous_6)","decl":{"start":{"line":75,"column":26},"end":{"line":75,"column":27}},"loc":{"start":{"line":75,"column":50},"end":{"line":80,"column":null}},"line":75},"7":{"name":"(anonymous_7)","decl":{"start":{"line":84,"column":25},"end":{"line":84,"column":26}},"loc":{"start":{"line":84,"column":55},"end":{"line":89,"column":null}},"line":84},"8":{"name":"(anonymous_8)","decl":{"start":{"line":92,"column":31},"end":{"line":92,"column":37}},"loc":{"start":{"line":92,"column":37},"end":{"line":191,"column":5}},"line":92},"9":{"name":"(anonymous_9)","decl":{"start":{"line":142,"column":20},"end":{"line":142,"column":28}},"loc":{"start":{"line":142,"column":28},"end":{"line":154,"column":7}},"line":142},"10":{"name":"(anonymous_10)","decl":{"start":{"line":157,"column":25},"end":{"line":157,"column":38}},"loc":{"start":{"line":157,"column":38},"end":{"line":169,"column":7}},"line":157},"11":{"name":"(anonymous_11)","decl":{"start":{"line":194,"column":36},"end":{"line":194,"column":42}},"loc":{"start":{"line":194,"column":42},"end":{"line":243,"column":5}},"line":194},"12":{"name":"(anonymous_12)","decl":{"start":{"line":208,"column":18},"end":{"line":208,"column":26}},"loc":{"start":{"line":208,"column":26},"end":{"line":222,"column":5}},"line":208},"13":{"name":"(anonymous_13)","decl":{"start":{"line":225,"column":23},"end":{"line":225,"column":36}},"loc":{"start":{"line":225,"column":36},"end":{"line":239,"column":5}},"line":225},"14":{"name":"(anonymous_14)","decl":{"start":{"line":242,"column":26},"end":{"line":242,"column":27}},"loc":{"start":{"line":242,"column":36},"end":{"line":242,"column":71}},"line":242},"15":{"name":"(anonymous_15)","decl":{"start":{"line":301,"column":51},"end":{"line":301,"column":52}},"loc":{"start":{"line":302,"column":18},"end":{"line":324,"column":null}},"line":302},"16":{"name":"(anonymous_16)","decl":{"start":{"line":305,"column":29},"end":{"line":305,"column":35}},"loc":{"start":{"line":305,"column":35},"end":{"line":305,"column":null}},"line":305},"17":{"name":"(anonymous_17)","decl":{"start":{"line":363,"column":32},"end":{"line":363,"column":33}},"loc":{"start":{"line":363,"column":48},"end":{"line":382,"column":15}},"line":363},"18":{"name":"(anonymous_18)","decl":{"start":{"line":373,"column":41},"end":{"line":373,"column":46}},"loc":{"start":{"line":373,"column":46},"end":{"line":373,"column":63}},"line":373},"19":{"name":"(anonymous_19)","decl":{"start":{"line":376,"column":41},"end":{"line":376,"column":46}},"loc":{"start":{"line":376,"column":46},"end":{"line":376,"column":68}},"line":376}},"branchMap":{"0":{"loc":{"start":{"line":134,"column":23},"end":{"line":136,"column":null}},"type":"binary-expr","locations":[{"start":{"line":134,"column":23},"end":{"line":134,"column":41}},{"start":{"line":134,"column":41},"end":{"line":136,"column":11}},{"start":{"line":136,"column":11},"end":{"line":136,"column":null}}],"line":134},"1":{"loc":{"start":{"line":145,"column":8},"end":{"line":153,"column":null}},"type":"if","locations":[{"start":{"line":145,"column":8},"end":{"line":153,"column":null}},{"start":{},"end":{}}],"line":145},"2":{"loc":{"start":{"line":145,"column":12},"end":{"line":145,"column":65}},"type":"binary-expr","locations":[{"start":{"line":145,"column":12},"end":{"line":145,"column":39}},{"start":{"line":145,"column":39},"end":{"line":145,"column":65}}],"line":145},"3":{"loc":{"start":{"line":160,"column":8},"end":{"line":168,"column":null}},"type":"if","locations":[{"start":{"line":160,"column":8},"end":{"line":168,"column":null}},{"start":{},"end":{}}],"line":160},"4":{"loc":{"start":{"line":160,"column":12},"end":{"line":160,"column":88}},"type":"binary-expr","locations":[{"start":{"line":160,"column":12},"end":{"line":160,"column":44}},{"start":{"line":160,"column":44},"end":{"line":160,"column":67}},{"start":{"line":160,"column":67},"end":{"line":160,"column":88}}],"line":160},"5":{"loc":{"start":{"line":209,"column":6},"end":{"line":221,"column":null}},"type":"if","locations":[{"start":{"line":209,"column":6},"end":{"line":221,"column":null}},{"start":{},"end":{}}],"line":209},"6":{"loc":{"start":{"line":211,"column":8},"end":{"line":220,"column":null}},"type":"if","locations":[{"start":{"line":211,"column":8},"end":{"line":220,"column":null}},{"start":{},"end":{}}],"line":211},"7":{"loc":{"start":{"line":211,"column":12},"end":{"line":211,"column":67}},"type":"binary-expr","locations":[{"start":{"line":211,"column":12},"end":{"line":211,"column":35}},{"start":{"line":211,"column":35},"end":{"line":211,"column":67}}],"line":211},"8":{"loc":{"start":{"line":226,"column":6},"end":{"line":238,"column":null}},"type":"if","locations":[{"start":{"line":226,"column":6},"end":{"line":238,"column":null}},{"start":{},"end":{}}],"line":226},"9":{"loc":{"start":{"line":226,"column":10},"end":{"line":226,"column":54}},"type":"binary-expr","locations":[{"start":{"line":226,"column":10},"end":{"line":226,"column":33}},{"start":{"line":226,"column":33},"end":{"line":226,"column":54}}],"line":226},"10":{"loc":{"start":{"line":228,"column":8},"end":{"line":237,"column":null}},"type":"if","locations":[{"start":{"line":228,"column":8},"end":{"line":237,"column":null}},{"start":{},"end":{}}],"line":228},"11":{"loc":{"start":{"line":228,"column":12},"end":{"line":228,"column":61}},"type":"binary-expr","locations":[{"start":{"line":228,"column":12},"end":{"line":228,"column":32}},{"start":{"line":228,"column":32},"end":{"line":228,"column":61}}],"line":228},"12":{"loc":{"start":{"line":248,"column":2},"end":{"line":250,"column":null}},"type":"if","locations":[{"start":{"line":248,"column":2},"end":{"line":250,"column":null}},{"start":{},"end":{}}],"line":248},"13":{"loc":{"start":{"line":275,"column":15},"end":{"line":275,"column":null}},"type":"binary-expr","locations":[{"start":{"line":275,"column":15},"end":{"line":275,"column":44}},{"start":{"line":275,"column":44},"end":{"line":275,"column":null}}],"line":275},"14":{"loc":{"start":{"line":278,"column":47},"end":{"line":278,"column":79}},"type":"binary-expr","locations":[{"start":{"line":278,"column":47},"end":{"line":278,"column":77}},{"start":{"line":278,"column":77},"end":{"line":278,"column":79}}],"line":278},"15":{"loc":{"start":{"line":280,"column":29},"end":{"line":280,"column":61}},"type":"binary-expr","locations":[{"start":{"line":280,"column":29},"end":{"line":280,"column":59}},{"start":{"line":280,"column":59},"end":{"line":280,"column":61}}],"line":280},"16":{"loc":{"start":{"line":282,"column":30},"end":{"line":282,"column":64}},"type":"binary-expr","locations":[{"start":{"line":282,"column":30},"end":{"line":282,"column":62}},{"start":{"line":282,"column":62},"end":{"line":282,"column":64}}],"line":282},"17":{"loc":{"start":{"line":285,"column":13},"end":{"line":289,"column":null}},"type":"binary-expr","locations":[{"start":{"line":285,"column":13},"end":{"line":285,"column":27}},{"start":{"line":285,"column":27},"end":{"line":285,"column":null}},{"start":{"line":286,"column":14},"end":{"line":289,"column":null}}],"line":285},"18":{"loc":{"start":{"line":299,"column":13},"end":{"line":330,"column":null}},"type":"cond-expr","locations":[{"start":{"line":300,"column":14},"end":{"line":326,"column":null}},{"start":{"line":328,"column":14},"end":{"line":330,"column":null}}],"line":299},"19":{"loc":{"start":{"line":305,"column":44},"end":{"line":305,"column":95}},"type":"cond-expr","locations":[{"start":{"line":305,"column":71},"end":{"line":305,"column":82}},{"start":{"line":305,"column":82},"end":{"line":305,"column":95}}],"line":305},"20":{"loc":{"start":{"line":308,"column":23},"end":{"line":308,"column":null}},"type":"cond-expr","locations":[{"start":{"line":308,"column":50},"end":{"line":308,"column":67}},{"start":{"line":308,"column":67},"end":{"line":308,"column":null}}],"line":308},"21":{"loc":{"start":{"line":315,"column":27},"end":{"line":317,"column":null}},"type":"cond-expr","locations":[{"start":{"line":315,"column":54},"end":{"line":315,"column":null}},{"start":{"line":316,"column":27},"end":{"line":317,"column":null}}],"line":315},"22":{"loc":{"start":{"line":316,"column":27},"end":{"line":317,"column":null}},"type":"cond-expr","locations":[{"start":{"line":316,"column":54},"end":{"line":316,"column":null}},{"start":{"line":317,"column":27},"end":{"line":317,"column":null}}],"line":316},"23":{"loc":{"start":{"line":321,"column":64},"end":{"line":321,"column":141}},"type":"cond-expr","locations":[{"start":{"line":321,"column":90},"end":{"line":321,"column":99}},{"start":{"line":321,"column":99},"end":{"line":321,"column":141}}],"line":321},"24":{"loc":{"start":{"line":321,"column":99},"end":{"line":321,"column":141}},"type":"cond-expr","locations":[{"start":{"line":321,"column":125},"end":{"line":321,"column":136}},{"start":{"line":321,"column":136},"end":{"line":321,"column":141}}],"line":321},"25":{"loc":{"start":{"line":368,"column":47},"end":{"line":368,"column":87}},"type":"cond-expr","locations":[{"start":{"line":368,"column":69},"end":{"line":368,"column":85}},{"start":{"line":368,"column":85},"end":{"line":368,"column":87}}],"line":368},"26":{"loc":{"start":{"line":368,"column":91},"end":{"line":368,"column":113}},"type":"cond-expr","locations":[{"start":{"line":368,"column":101},"end":{"line":368,"column":111}},{"start":{"line":368,"column":111},"end":{"line":368,"column":113}}],"line":368},"27":{"loc":{"start":{"line":372,"column":23},"end":{"line":372,"column":null}},"type":"binary-expr","locations":[{"start":{"line":372,"column":23},"end":{"line":372,"column":39}},{"start":{"line":372,"column":39},"end":{"line":372,"column":null}}],"line":372},"28":{"loc":{"start":{"line":373,"column":23},"end":{"line":374,"column":null}},"type":"binary-expr","locations":[{"start":{"line":373,"column":23},"end":{"line":373,"column":null}},{"start":{"line":374,"column":24},"end":{"line":374,"column":null}}],"line":373},"29":{"loc":{"start":{"line":376,"column":23},"end":{"line":377,"column":null}},"type":"binary-expr","locations":[{"start":{"line":376,"column":23},"end":{"line":376,"column":null}},{"start":{"line":377,"column":24},"end":{"line":377,"column":null}}],"line":376}},"s":{"0":3,"1":6,"2":3,"3":1,"4":3,"5":1,"6":3,"7":6,"8":3,"9":6,"10":7,"11":7,"12":7,"13":651,"14":651,"15":651,"16":651,"17":7,"18":445,"19":445,"20":445,"21":7,"22":7,"23":7,"24":7,"25":7,"26":7,"27":7,"28":7,"29":7,"30":7,"31":7,"32":7,"33":7,"34":7,"35":7,"36":7,"37":7,"38":7,"39":7,"40":7,"41":217,"42":217,"43":217,"44":217,"45":217,"46":217,"47":217,"48":217,"49":217,"50":4,"51":4,"52":217,"53":217,"54":217,"55":217,"56":1,"57":1,"58":217,"59":217,"60":217,"61":21,"62":21,"63":7,"64":7,"65":7,"66":7,"67":7,"68":7,"69":7,"70":7,"71":7,"72":7,"73":1,"74":1,"75":7,"76":7,"77":4,"78":4,"79":1,"80":1,"81":7,"82":0,"83":7,"84":7,"85":7,"86":1,"87":6,"88":2,"89":2,"90":210,"91":210,"92":5,"93":5},"f":{"0":6,"1":1,"2":1,"3":6,"4":6,"5":7,"6":651,"7":445,"8":7,"9":217,"10":217,"11":7,"12":7,"13":7,"14":0,"15":2,"16":2,"17":210,"18":5,"19":5},"b":{"0":[217,133,133],"1":[4,213],"2":[217,4],"3":[1,216],"4":[217,4,4],"5":[7,0],"6":[1,6],"7":[7,4],"8":[4,3],"9":[7,7],"10":[1,3],"11":[4,1],"12":[1,6],"13":[6,6],"14":[7,0],"15":[7,0],"16":[7,0],"17":[7,6,0],"18":[2,4],"19":[1,1],"20":[1,1],"21":[0,2],"22":[0,2],"23":[0,2],"24":[2,0],"25":[24,186],"26":[6,204],"27":[210,0],"28":[210,4],"29":[210,1]},"meta":{"lastBranch":30,"lastFunction":20,"lastStatement":94,"seen":{"s:8:18:12:Infinity":0,"f:8:18:8:Infinity":0,"s:9:2:12:Infinity":1,"s:15:19:20:Infinity":2,"f:15:19:15:Infinity":1,"s:16:2:20:Infinity":3,"s:23:19:31:Infinity":4,"f:23:19:23:Infinity":2,"s:24:2:31:Infinity":5,"s:34:21:40:Infinity":6,"f:34:21:34:Infinity":3,"s:35:2:40:Infinity":7,"s:43:18:48:Infinity":8,"f:43:18:43:Infinity":4,"s:44:2:48:Infinity":9,"f:70:16:70:34":5,"s:71:8:71:Infinity":10,"s:72:52:72:Infinity":11,"s:75:26:80:Infinity":12,"f:75:26:75:27":6,"s:76:17:76:Infinity":13,"s:77:18:77:Infinity":14,"s:78:16:78:Infinity":15,"s:79:4:79:Infinity":16,"s:84:25:89:Infinity":17,"f:84:25:84:26":7,"s:86:21:86:Infinity":18,"s:87:31:87:Infinity":19,"s:88:4:88:Infinity":20,"s:92:8:191:Infinity":21,"f:92:31:92:37":8,"s:93:18:93:Infinity":22,"s:94:4:94:Infinity":23,"s:95:17:95:Infinity":24,"s:96:18:96:Infinity":25,"s:99:21:99:Infinity":26,"s:100:20:100:Infinity":27,"s:103:27:103:Infinity":28,"s:106:30:106:Infinity":29,"s:107:29:107:Infinity":30,"s:110:22:110:Infinity":31,"s:111:23:111:Infinity":32,"s:112:30:112:Infinity":33,"s:114:32:114:Infinity":34,"s:117:4:125:Infinity":35,"s:117:17:117:40":36,"s:118:19:118:Infinity":37,"s:119:6:124:Infinity":38,"s:128:4:177:Infinity":39,"s:128:17:128:20":40,"s:129:19:129:Infinity":41,"s:130:22:130:Infinity":42,"s:133:28:133:Infinity":43,"s:134:23:136:Infinity":44,"b:134:23:134:41:134:41:136:11:136:11:136:Infinity":0,"s:139:44:139:Infinity":45,"s:142:6:154:Infinity":46,"f:142:20:142:28":9,"s:143:27:143:Infinity":47,"s:144:28:144:Infinity":48,"b:145:8:153:Infinity:undefined:undefined:undefined:undefined":1,"s:145:8:153:Infinity":49,"b:145:12:145:39:145:39:145:65":2,"s:146:28:146:Infinity":50,"s:147:10:152:Infinity":51,"s:157:6:169:Infinity":52,"f:157:25:157:38":10,"s:158:24:158:Infinity":53,"s:159:33:159:Infinity":54,"b:160:8:168:Infinity:undefined:undefined:undefined:undefined":3,"s:160:8:168:Infinity":55,"b:160:12:160:44:160:44:160:67:160:67:160:88":4,"s:161:28:161:Infinity":56,"s:162:10:167:Infinity":57,"s:171:6:176:Infinity":58,"s:180:4:188:Infinity":59,"s:180:17:180:20":60,"s:181:19:181:Infinity":61,"s:182:6:187:Infinity":62,"s:190:4:190:Infinity":63,"s:194:8:243:Infinity":64,"f:194:36:194:42":11,"s:195:18:195:Infinity":65,"s:196:4:196:Infinity":66,"s:197:29:197:Infinity":67,"s:205:9:205:Infinity":68,"s:208:4:222:Infinity":69,"f:208:18:208:26":12,"b:209:6:221:Infinity:undefined:undefined:undefined:undefined":5,"s:209:6:221:Infinity":70,"s:210:27:210:Infinity":71,"b:211:8:220:Infinity:undefined:undefined:undefined:undefined":6,"s:211:8:220:Infinity":72,"b:211:12:211:35:211:35:211:67":7,"s:212:28:212:Infinity":73,"s:213:10:219:Infinity":74,"s:225:4:239:Infinity":75,"f:225:23:225:36":13,"b:226:6:238:Infinity:undefined:undefined:undefined:undefined":8,"s:226:6:238:Infinity":76,"b:226:10:226:33:226:33:226:54":9,"s:227:24:227:Infinity":77,"b:228:8:237:Infinity:undefined:undefined:undefined:undefined":10,"s:228:8:237:Infinity":78,"b:228:12:228:32:228:32:228:61":11,"s:229:28:229:Infinity":79,"s:230:10:236:Infinity":80,"s:242:4:242:Infinity":81,"f:242:26:242:27":14,"s:242:36:242:71":82,"s:245:16:245:Infinity":83,"s:246:20:246:Infinity":84,"b:248:2:250:Infinity:undefined:undefined:undefined:undefined":12,"s:248:2:250:Infinity":85,"s:249:4:249:Infinity":86,"s:252:2:387:Infinity":87,"b:275:15:275:44:275:44:275:Infinity":13,"b:278:47:278:77:278:77:278:79":14,"b:280:29:280:59:280:59:280:61":15,"b:282:30:282:62:282:62:282:64":16,"b:285:13:285:27:285:27:285:Infinity:286:14:289:Infinity":17,"b:300:14:326:Infinity:328:14:330:Infinity":18,"f:301:51:301:52":15,"s:302:18:324:Infinity":88,"f:305:29:305:35":16,"s:305:35:305:Infinity":89,"b:305:71:305:82:305:82:305:95":19,"b:308:50:308:67:308:67:308:Infinity":20,"b:315:54:315:Infinity:316:27:317:Infinity":21,"b:316:54:316:Infinity:317:27:317:Infinity":22,"b:321:90:321:99:321:99:321:141":23,"b:321:125:321:136:321:136:321:141":24,"f:363:32:363:33":17,"s:364:32:364:Infinity":90,"s:365:16:380:Infinity":91,"b:368:69:368:85:368:85:368:87":25,"b:368:101:368:111:368:111:368:113":26,"b:372:23:372:39:372:39:372:Infinity":27,"b:373:23:373:Infinity:374:24:374:Infinity":28,"f:373:41:373:46":18,"s:373:46:373:63":92,"b:376:23:376:Infinity:377:24:377:Infinity":29,"f:376:41:376:46":19,"s:376:46:376:68":93}}}
,"/Users/berkaybgk/Desktop/cs-related/bounswe2025group2/Web_Frontend/genfit_frontend/src/components/DailyAdvice.css": {"path":"/Users/berkaybgk/Desktop/cs-related/bounswe2025group2/Web_Frontend/genfit_frontend/src/components/DailyAdvice.css","statementMap":{},"fnMap":{},"branchMap":{},"s":{},"f":{},"b":{},"meta":{"lastBranch":0,"lastFunction":0,"lastStatement":0,"seen":{}}}
,"/Users/berkaybgk/Desktop/cs-related/bounswe2025group2/Web_Frontend/genfit_frontend/src/components/DailyAdvice.tsx": {"path":"/Users/berkaybgk/Desktop/cs-related/bounswe2025group2/Web_Frontend/genfit_frontend/src/components/DailyAdvice.tsx","statementMap":{"0":{"start":{"line":7,"column":21},"end":{"line":12,"column":null}},"1":{"start":{"line":8,"column":2},"end":{"line":12,"column":null}},"2":{"start":{"line":15,"column":20},"end":{"line":18,"column":null}},"3":{"start":{"line":16,"column":2},"end":{"line":18,"column":null}},"4":{"start":{"line":21,"column":21},"end":{"line":27,"column":null}},"5":{"start":{"line":22,"column":2},"end":{"line":27,"column":null}},"6":{"start":{"line":31,"column":46},"end":{"line":31,"column":null}},"7":{"start":{"line":32,"column":8},"end":{"line":32,"column":null}},"8":{"start":{"line":33,"column":42},"end":{"line":33,"column":null}},"9":{"start":{"line":35,"column":27},"end":{"line":44,"column":null}},"10":{"start":{"line":36,"column":4},"end":{"line":36,"column":null}},"11":{"start":{"line":37,"column":4},"end":{"line":43,"column":null}},"12":{"start":{"line":38,"column":6},"end":{"line":38,"column":null}},"13":{"start":{"line":40,"column":6},"end":{"line":40,"column":null}},"14":{"start":{"line":42,"column":6},"end":{"line":42,"column":null}},"15":{"start":{"line":46,"column":21},"end":{"line":54,"column":null}},"16":{"start":{"line":47,"column":17},"end":{"line":47,"column":null}},"17":{"start":{"line":48,"column":4},"end":{"line":53,"column":null}},"18":{"start":{"line":56,"column":2},"end":{"line":73,"column":null}},"19":{"start":{"line":57,"column":4},"end":{"line":71,"column":null}},"20":{"start":{"line":75,"column":2},"end":{"line":91,"column":null}},"21":{"start":{"line":76,"column":4},"end":{"line":89,"column":null}},"22":{"start":{"line":93,"column":2},"end":{"line":95,"column":null}},"23":{"start":{"line":94,"column":4},"end":{"line":94,"column":null}},"24":{"start":{"line":98,"column":2},"end":{"line":127,"column":null}},"25":{"start":{"line":99,"column":4},"end":{"line":125,"column":null}},"26":{"start":{"line":118,"column":29},"end":{"line":118,"column":null}},"27":{"start":{"line":129,"column":2},"end":{"line":173,"column":null}},"28":{"start":{"line":161,"column":14},"end":{"line":161,"column":null}}},"fnMap":{"0":{"name":"(anonymous_0)","decl":{"start":{"line":7,"column":21},"end":{"line":7,"column":null}},"loc":{"start":{"line":8,"column":2},"end":{"line":12,"column":null}},"line":8},"1":{"name":"(anonymous_1)","decl":{"start":{"line":15,"column":20},"end":{"line":15,"column":null}},"loc":{"start":{"line":16,"column":2},"end":{"line":18,"column":null}},"line":16},"2":{"name":"(anonymous_2)","decl":{"start":{"line":21,"column":21},"end":{"line":21,"column":null}},"loc":{"start":{"line":22,"column":2},"end":{"line":27,"column":null}},"line":22},"3":{"name":"DailyAdvice","decl":{"start":{"line":30,"column":16},"end":{"line":30,"column":30}},"loc":{"start":{"line":30,"column":30},"end":{"line":175,"column":null}},"line":30},"4":{"name":"(anonymous_4)","decl":{"start":{"line":35,"column":27},"end":{"line":35,"column":39}},"loc":{"start":{"line":35,"column":39},"end":{"line":44,"column":null}},"line":35},"5":{"name":"(anonymous_5)","decl":{"start":{"line":46,"column":21},"end":{"line":46,"column":22}},"loc":{"start":{"line":46,"column":45},"end":{"line":54,"column":null}},"line":46},"6":{"name":"(anonymous_6)","decl":{"start":{"line":118,"column":23},"end":{"line":118,"column":29}},"loc":{"start":{"line":118,"column":29},"end":{"line":118,"column":null}},"line":118},"7":{"name":"(anonymous_7)","decl":{"start":{"line":160,"column":80},"end":{"line":160,"column":81}},"loc":{"start":{"line":161,"column":14},"end":{"line":161,"column":null}},"line":161}},"branchMap":{"0":{"loc":{"start":{"line":56,"column":2},"end":{"line":73,"column":null}},"type":"if","locations":[{"start":{"line":56,"column":2},"end":{"line":73,"column":null}},{"start":{},"end":{}}],"line":56},"1":{"loc":{"start":{"line":75,"column":2},"end":{"line":91,"column":null}},"type":"if","locations":[{"start":{"line":75,"column":2},"end":{"line":91,"column":null}},{"start":{},"end":{}}],"line":75},"2":{"loc":{"start":{"line":93,"column":2},"end":{"line":95,"column":null}},"type":"if","locations":[{"start":{"line":93,"column":2},"end":{"line":95,"column":null}},{"start":{},"end":{}}],"line":93},"3":{"loc":{"start":{"line":98,"column":2},"end":{"line":127,"column":null}},"type":"if","locations":[{"start":{"line":98,"column":2},"end":{"line":127,"column":null}},{"start":{},"end":{}}],"line":98},"4":{"loc":{"start":{"line":115,"column":15},"end":{"line":115,"column":null}},"type":"binary-expr","locations":[{"start":{"line":115,"column":15},"end":{"line":115,"column":38}},{"start":{"line":115,"column":38},"end":{"line":115,"column":null}}],"line":115},"5":{"loc":{"start":{"line":139,"column":15},"end":{"line":143,"column":null}},"type":"binary-expr","locations":[{"start":{"line":139,"column":15},"end":{"line":139,"column":null}},{"start":{"line":140,"column":16},"end":{"line":143,"column":null}}],"line":139},"6":{"loc":{"start":{"line":154,"column":19},"end":{"line":154,"column":64}},"type":"cond-expr","locations":[{"start":{"line":154,"column":36},"end":{"line":154,"column":54}},{"start":{"line":154,"column":54},"end":{"line":154,"column":64}}],"line":154},"7":{"loc":{"start":{"line":160,"column":13},"end":{"line":162,"column":null}},"type":"binary-expr","locations":[{"start":{"line":160,"column":13},"end":{"line":160,"column":40}},{"start":{"line":160,"column":40},"end":{"line":162,"column":null}}],"line":160},"8":{"loc":{"start":{"line":161,"column":14},"end":{"line":161,"column":null}},"type":"binary-expr","locations":[{"start":{"line":161,"column":14},"end":{"line":161,"column":34}},{"start":{"line":161,"column":34},"end":{"line":161,"column":null}}],"line":161}},"s":{"0":2,"1":0,"2":2,"3":0,"4":2,"5":0,"6":0,"7":0,"8":0,"9":0,"10":0,"11":0,"12":0,"13":0,"14":0,"15":0,"16":0,"17":0,"18":0,"19":0,"20":0,"21":0,"22":0,"23":0,"24":0,"25":0,"26":0,"27":0,"28":0},"f":{"0":0,"1":0,"2":0,"3":0,"4":0,"5":0,"6":0,"7":0},"b":{"0":[0,0],"1":[0,0],"2":[0,0],"3":[0,0],"4":[0,0],"5":[0,0],"6":[0,0],"7":[0,0],"8":[0,0]},"meta":{"lastBranch":9,"lastFunction":8,"lastStatement":29,"seen":{"s:7:21:12:Infinity":0,"f:7:21:7:Infinity":0,"s:8:2:12:Infinity":1,"s:15:20:18:Infinity":2,"f:15:20:15:Infinity":1,"s:16:2:18:Infinity":3,"s:21:21:27:Infinity":4,"f:21:21:21:Infinity":2,"s:22:2:27:Infinity":5,"f:30:16:30:30":3,"s:31:46:31:Infinity":6,"s:32:8:32:Infinity":7,"s:33:42:33:Infinity":8,"s:35:27:44:Infinity":9,"f:35:27:35:39":4,"s:36:4:36:Infinity":10,"s:37:4:43:Infinity":11,"s:38:6:38:Infinity":12,"s:40:6:40:Infinity":13,"s:42:6:42:Infinity":14,"s:46:21:54:Infinity":15,"f:46:21:46:22":5,"s:47:17:47:Infinity":16,"s:48:4:53:Infinity":17,"b:56:2:73:Infinity:undefined:undefined:undefined:undefined":0,"s:56:2:73:Infinity":18,"s:57:4:71:Infinity":19,"b:75:2:91:Infinity:undefined:undefined:undefined:undefined":1,"s:75:2:91:Infinity":20,"s:76:4:89:Infinity":21,"b:93:2:95:Infinity:undefined:undefined:undefined:undefined":2,"s:93:2:95:Infinity":22,"s:94:4:94:Infinity":23,"b:98:2:127:Infinity:undefined:undefined:undefined:undefined":3,"s:98:2:127:Infinity":24,"s:99:4:125:Infinity":25,"b:115:15:115:38:115:38:115:Infinity":4,"f:118:23:118:29":6,"s:118:29:118:Infinity":26,"s:129:2:173:Infinity":27,"b:139:15:139:Infinity:140:16:143:Infinity":5,"b:154:36:154:54:154:54:154:64":6,"b:160:13:160:40:160:40:162:Infinity":7,"f:160:80:160:81":7,"s:161:14:161:Infinity":28,"b:161:14:161:34:161:34:161:Infinity":8}}}
,"/Users/berkaybgk/Desktop/cs-related/bounswe2025group2/Web_Frontend/genfit_frontend/src/components/Header.css": {"path":"/Users/berkaybgk/Desktop/cs-related/bounswe2025group2/Web_Frontend/genfit_frontend/src/components/Header.css","statementMap":{},"fnMap":{},"branchMap":{},"s":{},"f":{},"b":{},"meta":{"lastBranch":0,"lastFunction":0,"lastStatement":0,"seen":{}}}
,"/Users/berkaybgk/Desktop/cs-related/bounswe2025group2/Web_Frontend/genfit_frontend/src/components/Header.tsx": {"path":"/Users/berkaybgk/Desktop/cs-related/bounswe2025group2/Web_Frontend/genfit_frontend/src/components/Header.tsx","statementMap":{"0":{"start":{"line":14,"column":38},"end":{"line":261,"column":null}},"1":{"start":{"line":15,"column":15},"end":{"line":15,"column":null}},"2":{"start":{"line":16,"column":8},"end":{"line":16,"column":null}},"3":{"start":{"line":17,"column":8},"end":{"line":17,"column":null}},"4":{"start":{"line":18,"column":34},"end":{"line":18,"column":null}},"5":{"start":{"line":19,"column":52},"end":{"line":19,"column":null}},"6":{"start":{"line":20,"column":50},"end":{"line":20,"column":null}},"7":{"start":{"line":21,"column":8},"end":{"line":21,"column":null}},"8":{"start":{"line":22,"column":27},"end":{"line":22,"column":null}},"9":{"start":{"line":24,"column":31},"end":{"line":41,"column":null}},"10":{"start":{"line":27,"column":19},"end":{"line":27,"column":null}},"11":{"start":{"line":28,"column":23},"end":{"line":28,"column":null}},"12":{"start":{"line":29,"column":23},"end":{"line":31,"column":null}},"13":{"start":{"line":32,"column":6},"end":{"line":32,"column":null}},"14":{"start":{"line":32,"column":24},"end":{"line":32,"column":null}},"15":{"start":{"line":33,"column":26},"end":{"line":33,"column":null}},"16":{"start":{"line":34,"column":6},"end":{"line":37,"column":null}},"17":{"start":{"line":35,"column":21},"end":{"line":35,"column":null}},"18":{"start":{"line":36,"column":8},"end":{"line":36,"column":null}},"19":{"start":{"line":38,"column":6},"end":{"line":38,"column":null}},"20":{"start":{"line":44,"column":2},"end":{"line":53,"column":null}},"21":{"start":{"line":45,"column":31},"end":{"line":49,"column":null}},"22":{"start":{"line":46,"column":6},"end":{"line":48,"column":null}},"23":{"start":{"line":47,"column":8},"end":{"line":47,"column":null}},"24":{"start":{"line":51,"column":4},"end":{"line":51,"column":null}},"25":{"start":{"line":52,"column":4},"end":{"line":52,"column":null}},"26":{"start":{"line":52,"column":17},"end":{"line":52,"column":null}},"27":{"start":{"line":55,"column":23},"end":{"line":60,"column":null}},"28":{"start":{"line":56,"column":4},"end":{"line":56,"column":null}},"29":{"start":{"line":57,"column":4},"end":{"line":59,"column":null}},"30":{"start":{"line":58,"column":6},"end":{"line":58,"column":null}},"31":{"start":{"line":62,"column":34},"end":{"line":66,"column":null}},"32":{"start":{"line":63,"column":18},"end":{"line":63,"column":null}},"33":{"start":{"line":64,"column":4},"end":{"line":64,"column":null}},"34":{"start":{"line":65,"column":4},"end":{"line":65,"column":null}},"35":{"start":{"line":68,"column":26},"end":{"line":77,"column":null}},"36":{"start":{"line":70,"column":4},"end":{"line":74,"column":null}},"37":{"start":{"line":71,"column":6},"end":{"line":71,"column":null}},"38":{"start":{"line":73,"column":6},"end":{"line":73,"column":null}},"39":{"start":{"line":75,"column":4},"end":{"line":75,"column":null}},"40":{"start":{"line":76,"column":4},"end":{"line":76,"column":null}},"41":{"start":{"line":79,"column":23},"end":{"line":86,"column":null}},"42":{"start":{"line":80,"column":4},"end":{"line":85,"column":null}},"43":{"start":{"line":81,"column":6},"end":{"line":81,"column":null}},"44":{"start":{"line":82,"column":6},"end":{"line":82,"column":null}},"45":{"start":{"line":84,"column":6},"end":{"line":84,"column":null}},"46":{"start":{"line":88,"column":29},"end":{"line":90,"column":null}},"47":{"start":{"line":89,"column":4},"end":{"line":89,"column":null}},"48":{"start":{"line":92,"column":30},"end":{"line":107,"column":null}},"49":{"start":{"line":93,"column":4},"end":{"line":93,"column":null}},"50":{"start":{"line":94,"column":4},"end":{"line":106,"column":null}},"51":{"start":{"line":97,"column":8},"end":{"line":97,"column":null}},"52":{"start":{"line":98,"column":8},"end":{"line":98,"column":null}},"53":{"start":{"line":101,"column":8},"end":{"line":101,"column":null}},"54":{"start":{"line":102,"column":8},"end":{"line":102,"column":null}},"55":{"start":{"line":104,"column":8},"end":{"line":104,"column":null}},"56":{"start":{"line":105,"column":8},"end":{"line":105,"column":null}},"57":{"start":{"line":109,"column":2},"end":{"line":259,"column":null}},"58":{"start":{"line":124,"column":29},"end":{"line":124,"column":null}},"59":{"start":{"line":145,"column":22},"end":{"line":172,"column":null}},"60":{"start":{"line":148,"column":39},"end":{"line":148,"column":null}},"61":{"start":{"line":188,"column":30},"end":{"line":188,"column":null}},"62":{"start":{"line":189,"column":30},"end":{"line":189,"column":null}},"63":{"start":{"line":222,"column":31},"end":{"line":222,"column":null}},"64":{"start":{"line":233,"column":31},"end":{"line":233,"column":null}},"65":{"start":{"line":245,"column":31},"end":{"line":245,"column":null}}},"fnMap":{"0":{"name":"(anonymous_0)","decl":{"start":{"line":14,"column":38},"end":{"line":14,"column":39}},"loc":{"start":{"line":14,"column":56},"end":{"line":261,"column":null}},"line":14},"1":{"name":"(anonymous_1)","decl":{"start":{"line":26,"column":13},"end":{"line":26,"column":25}},"loc":{"start":{"line":26,"column":25},"end":{"line":39,"column":null}},"line":26},"2":{"name":"(anonymous_2)","decl":{"start":{"line":44,"column":12},"end":{"line":44,"column":18}},"loc":{"start":{"line":44,"column":18},"end":{"line":53,"column":5}},"line":44},"3":{"name":"(anonymous_3)","decl":{"start":{"line":45,"column":31},"end":{"line":45,"column":32}},"loc":{"start":{"line":45,"column":54},"end":{"line":49,"column":null}},"line":45},"4":{"name":"(anonymous_4)","decl":{"start":{"line":52,"column":11},"end":{"line":52,"column":17}},"loc":{"start":{"line":52,"column":17},"end":{"line":52,"column":null}},"line":52},"5":{"name":"(anonymous_5)","decl":{"start":{"line":55,"column":23},"end":{"line":55,"column":24}},"loc":{"start":{"line":55,"column":47},"end":{"line":60,"column":null}},"line":55},"6":{"name":"(anonymous_6)","decl":{"start":{"line":62,"column":34},"end":{"line":62,"column":35}},"loc":{"start":{"line":62,"column":78},"end":{"line":66,"column":null}},"line":62},"7":{"name":"(anonymous_7)","decl":{"start":{"line":68,"column":26},"end":{"line":68,"column":27}},"loc":{"start":{"line":68,"column":48},"end":{"line":77,"column":null}},"line":68},"8":{"name":"(anonymous_8)","decl":{"start":{"line":79,"column":23},"end":{"line":79,"column":35}},"loc":{"start":{"line":79,"column":35},"end":{"line":86,"column":null}},"line":79},"9":{"name":"(anonymous_9)","decl":{"start":{"line":88,"column":29},"end":{"line":88,"column":35}},"loc":{"start":{"line":88,"column":35},"end":{"line":90,"column":null}},"line":88},"10":{"name":"(anonymous_10)","decl":{"start":{"line":92,"column":30},"end":{"line":92,"column":31}},"loc":{"start":{"line":92,"column":50},"end":{"line":107,"column":null}},"line":92},"11":{"name":"(anonymous_11)","decl":{"start":{"line":124,"column":23},"end":{"line":124,"column":29}},"loc":{"start":{"line":124,"column":29},"end":{"line":124,"column":null}},"line":124},"12":{"name":"(anonymous_12)","decl":{"start":{"line":144,"column":31},"end":{"line":144,"column":32}},"loc":{"start":{"line":145,"column":22},"end":{"line":172,"column":null}},"line":145},"13":{"name":"(anonymous_13)","decl":{"start":{"line":148,"column":33},"end":{"line":148,"column":39}},"loc":{"start":{"line":148,"column":39},"end":{"line":148,"column":null}},"line":148},"14":{"name":"(anonymous_14)","decl":{"start":{"line":188,"column":24},"end":{"line":188,"column":30}},"loc":{"start":{"line":188,"column":30},"end":{"line":188,"column":null}},"line":188},"15":{"name":"(anonymous_15)","decl":{"start":{"line":189,"column":24},"end":{"line":189,"column":30}},"loc":{"start":{"line":189,"column":30},"end":{"line":189,"column":null}},"line":189},"16":{"name":"(anonymous_16)","decl":{"start":{"line":222,"column":25},"end":{"line":222,"column":31}},"loc":{"start":{"line":222,"column":31},"end":{"line":222,"column":null}},"line":222},"17":{"name":"(anonymous_17)","decl":{"start":{"line":233,"column":25},"end":{"line":233,"column":31}},"loc":{"start":{"line":233,"column":31},"end":{"line":233,"column":null}},"line":233},"18":{"name":"(anonymous_18)","decl":{"start":{"line":245,"column":25},"end":{"line":245,"column":31}},"loc":{"start":{"line":245,"column":31},"end":{"line":245,"column":null}},"line":245}},"branchMap":{"0":{"loc":{"start":{"line":27,"column":19},"end":{"line":27,"column":null}},"type":"binary-expr","locations":[{"start":{"line":27,"column":19},"end":{"line":27,"column":56}},{"start":{"line":27,"column":56},"end":{"line":27,"column":null}}],"line":27},"1":{"loc":{"start":{"line":32,"column":6},"end":{"line":32,"column":null}},"type":"if","locations":[{"start":{"line":32,"column":6},"end":{"line":32,"column":null}},{"start":{},"end":{}}],"line":32},"2":{"loc":{"start":{"line":33,"column":26},"end":{"line":33,"column":null}},"type":"binary-expr","locations":[{"start":{"line":33,"column":26},"end":{"line":33,"column":66}},{"start":{"line":33,"column":66},"end":{"line":33,"column":null}}],"line":33},"3":{"loc":{"start":{"line":34,"column":6},"end":{"line":37,"column":null}},"type":"if","locations":[{"start":{"line":34,"column":6},"end":{"line":37,"column":null}},{"start":{},"end":{}}],"line":34},"4":{"loc":{"start":{"line":46,"column":6},"end":{"line":48,"column":null}},"type":"if","locations":[{"start":{"line":46,"column":6},"end":{"line":48,"column":null}},{"start":{},"end":{}}],"line":46},"5":{"loc":{"start":{"line":46,"column":10},"end":{"line":46,"column":82}},"type":"binary-expr","locations":[{"start":{"line":46,"column":10},"end":{"line":46,"column":31}},{"start":{"line":46,"column":31},"end":{"line":46,"column":82}}],"line":46},"6":{"loc":{"start":{"line":57,"column":4},"end":{"line":59,"column":null}},"type":"if","locations":[{"start":{"line":57,"column":4},"end":{"line":59,"column":null}},{"start":{},"end":{}}],"line":57},"7":{"loc":{"start":{"line":57,"column":8},"end":{"line":57,"column":39}},"type":"binary-expr","locations":[{"start":{"line":57,"column":8},"end":{"line":57,"column":20}},{"start":{"line":57,"column":20},"end":{"line":57,"column":39}}],"line":57},"8":{"loc":{"start":{"line":70,"column":4},"end":{"line":74,"column":null}},"type":"if","locations":[{"start":{"line":70,"column":4},"end":{"line":74,"column":null}},{"start":{"line":72,"column":11},"end":{"line":74,"column":null}}],"line":70},"9":{"loc":{"start":{"line":94,"column":4},"end":{"line":106,"column":null}},"type":"switch","locations":[{"start":{"line":95,"column":6},"end":{"line":98,"column":null}},{"start":{"line":99,"column":6},"end":{"line":102,"column":null}},{"start":{"line":103,"column":6},"end":{"line":105,"column":null}}],"line":94},"10":{"loc":{"start":{"line":124,"column":29},"end":{"line":124,"column":null}},"type":"binary-expr","locations":[{"start":{"line":124,"column":29},"end":{"line":124,"column":61}},{"start":{"line":124,"column":61},"end":{"line":124,"column":null}}],"line":124},"11":{"loc":{"start":{"line":135,"column":13},"end":{"line":180,"column":null}},"type":"binary-expr","locations":[{"start":{"line":135,"column":13},"end":{"line":135,"column":null}},{"start":{"line":136,"column":14},"end":{"line":180,"column":null}}],"line":135},"12":{"loc":{"start":{"line":137,"column":17},"end":{"line":179,"column":null}},"type":"cond-expr","locations":[{"start":{"line":138,"column":18},"end":{"line":140,"column":null}},{"start":{"line":141,"column":20},"end":{"line":179,"column":null}}],"line":137},"13":{"loc":{"start":{"line":141,"column":20},"end":{"line":179,"column":null}},"type":"cond-expr","locations":[{"start":{"line":142,"column":18},"end":{"line":174,"column":null}},{"start":{"line":175,"column":20},"end":{"line":179,"column":null}}],"line":141},"14":{"loc":{"start":{"line":156,"column":29},"end":{"line":167,"column":null}},"type":"binary-expr","locations":[{"start":{"line":156,"column":29},"end":{"line":156,"column":null}},{"start":{"line":157,"column":30},"end":{"line":167,"column":null}}],"line":156},"15":{"loc":{"start":{"line":175,"column":20},"end":{"line":179,"column":null}},"type":"cond-expr","locations":[{"start":{"line":176,"column":18},"end":{"line":178,"column":null}},{"start":{"line":179,"column":20},"end":{"line":179,"column":null}}],"line":175},"16":{"loc":{"start":{"line":196,"column":15},"end":{"line":199,"column":null}},"type":"cond-expr","locations":[{"start":{"line":197,"column":18},"end":{"line":197,"column":null}},{"start":{"line":199,"column":18},"end":{"line":199,"column":null}}],"line":196},"17":{"loc":{"start":{"line":199,"column":18},"end":{"line":199,"column":null}},"type":"binary-expr","locations":[{"start":{"line":199,"column":18},"end":{"line":199,"column":61}},{"start":{"line":199,"column":61},"end":{"line":199,"column":null}}],"line":199},"18":{"loc":{"start":{"line":202,"column":44},"end":{"line":202,"column":69}},"type":"binary-expr","locations":[{"start":{"line":202,"column":44},"end":{"line":202,"column":62}},{"start":{"line":202,"column":62},"end":{"line":202,"column":69}}],"line":202},"19":{"loc":{"start":{"line":204,"column":42},"end":{"line":204,"column":78}},"type":"cond-expr","locations":[{"start":{"line":204,"column":64},"end":{"line":204,"column":76}},{"start":{"line":204,"column":76},"end":{"line":204,"column":78}}],"line":204},"20":{"loc":{"start":{"line":217,"column":11},"end":{"line":255,"column":null}},"type":"binary-expr","locations":[{"start":{"line":217,"column":11},"end":{"line":217,"column":null}},{"start":{"line":218,"column":12},"end":{"line":255,"column":null}}],"line":217},"21":{"loc":{"start":{"line":253,"column":17},"end":{"line":253,"column":null}},"type":"cond-expr","locations":[{"start":{"line":253,"column":44},"end":{"line":253,"column":63}},{"start":{"line":253,"column":63},"end":{"line":253,"column":null}}],"line":253}},"s":{"0":2,"1":16,"2":16,"3":16,"4":16,"5":16,"6":16,"7":16,"8":16,"9":16,"10":0,"11":0,"12":0,"13":0,"14":0,"15":0,"16":0,"17":0,"18":0,"19":0,"20":16,"21":5,"22":3,"23":3,"24":5,"25":5,"26":5,"27":16,"28":0,"29":0,"30":0,"31":16,"32":0,"33":0,"34":0,"35":16,"36":0,"37":0,"38":0,"39":0,"40":0,"41":16,"42":0,"43":0,"44":0,"45":0,"46":16,"47":0,"48":16,"49":0,"50":0,"51":0,"52":0,"53":0,"54":0,"55":0,"56":0,"57":16,"58":0,"59":0,"60":0,"61":0,"62":0,"63":0,"64":0,"65":0},"f":{"0":16,"1":0,"2":5,"3":3,"4":5,"5":0,"6":0,"7":0,"8":0,"9":0,"10":0,"11":0,"12":0,"13":0,"14":0,"15":0,"16":0,"17":0,"18":0},"b":{"0":[0,0],"1":[0,0],"2":[0,0],"3":[0,0],"4":[3,0],"5":[3,3],"6":[0,0],"7":[0,0],"8":[0,0],"9":[0,0,0],"10":[0,0],"11":[16,0],"12":[0,0],"13":[0,0],"14":[0,0],"15":[0,0],"16":[0,16],"17":[16,0],"18":[16,0],"19":[0,16],"20":[16,0],"21":[0,0]},"meta":{"lastBranch":22,"lastFunction":19,"lastStatement":66,"seen":{"s:14:38:261:Infinity":0,"f:14:38:14:39":0,"s:15:15:15:Infinity":1,"s:16:8:16:Infinity":2,"s:17:8:17:Infinity":3,"s:18:34:18:Infinity":4,"s:19:52:19:Infinity":5,"s:20:50:20:Infinity":6,"s:21:8:21:Infinity":7,"s:22:27:22:Infinity":8,"s:24:31:41:Infinity":9,"f:26:13:26:25":1,"s:27:19:27:Infinity":10,"b:27:19:27:56:27:56:27:Infinity":0,"s:28:23:28:Infinity":11,"s:29:23:31:Infinity":12,"b:32:6:32:Infinity:undefined:undefined:undefined:undefined":1,"s:32:6:32:Infinity":13,"s:32:24:32:Infinity":14,"s:33:26:33:Infinity":15,"b:33:26:33:66:33:66:33:Infinity":2,"b:34:6:37:Infinity:undefined:undefined:undefined:undefined":3,"s:34:6:37:Infinity":16,"s:35:21:35:Infinity":17,"s:36:8:36:Infinity":18,"s:38:6:38:Infinity":19,"s:44:2:53:Infinity":20,"f:44:12:44:18":2,"s:45:31:49:Infinity":21,"f:45:31:45:32":3,"b:46:6:48:Infinity:undefined:undefined:undefined:undefined":4,"s:46:6:48:Infinity":22,"b:46:10:46:31:46:31:46:82":5,"s:47:8:47:Infinity":23,"s:51:4:51:Infinity":24,"s:52:4:52:Infinity":25,"f:52:11:52:17":4,"s:52:17:52:Infinity":26,"s:55:23:60:Infinity":27,"f:55:23:55:24":5,"s:56:4:56:Infinity":28,"b:57:4:59:Infinity:undefined:undefined:undefined:undefined":6,"s:57:4:59:Infinity":29,"b:57:8:57:20:57:20:57:39":7,"s:58:6:58:Infinity":30,"s:62:34:66:Infinity":31,"f:62:34:62:35":6,"s:63:18:63:Infinity":32,"s:64:4:64:Infinity":33,"s:65:4:65:Infinity":34,"s:68:26:77:Infinity":35,"f:68:26:68:27":7,"b:70:4:74:Infinity:72:11:74:Infinity":8,"s:70:4:74:Infinity":36,"s:71:6:71:Infinity":37,"s:73:6:73:Infinity":38,"s:75:4:75:Infinity":39,"s:76:4:76:Infinity":40,"s:79:23:86:Infinity":41,"f:79:23:79:35":8,"s:80:4:85:Infinity":42,"s:81:6:81:Infinity":43,"s:82:6:82:Infinity":44,"s:84:6:84:Infinity":45,"s:88:29:90:Infinity":46,"f:88:29:88:35":9,"s:89:4:89:Infinity":47,"s:92:30:107:Infinity":48,"f:92:30:92:31":10,"s:93:4:93:Infinity":49,"b:95:6:98:Infinity:99:6:102:Infinity:103:6:105:Infinity":9,"s:94:4:106:Infinity":50,"s:97:8:97:Infinity":51,"s:98:8:98:Infinity":52,"s:101:8:101:Infinity":53,"s:102:8:102:Infinity":54,"s:104:8:104:Infinity":55,"s:105:8:105:Infinity":56,"s:109:2:259:Infinity":57,"f:124:23:124:29":11,"s:124:29:124:Infinity":58,"b:124:29:124:61:124:61:124:Infinity":10,"b:135:13:135:Infinity:136:14:180:Infinity":11,"b:138:18:140:Infinity:141:20:179:Infinity":12,"b:142:18:174:Infinity:175:20:179:Infinity":13,"f:144:31:144:32":12,"s:145:22:172:Infinity":59,"f:148:33:148:39":13,"s:148:39:148:Infinity":60,"b:156:29:156:Infinity:157:30:167:Infinity":14,"b:176:18:178:Infinity:179:20:179:Infinity":15,"f:188:24:188:30":14,"s:188:30:188:Infinity":61,"f:189:24:189:30":15,"s:189:30:189:Infinity":62,"b:197:18:197:Infinity:199:18:199:Infinity":16,"b:199:18:199:61:199:61:199:Infinity":17,"b:202:44:202:62:202:62:202:69":18,"b:204:64:204:76:204:76:204:78":19,"b:217:11:217:Infinity:218:12:255:Infinity":20,"f:222:25:222:31":16,"s:222:31:222:Infinity":63,"f:233:25:233:31":17,"s:233:31:233:Infinity":64,"f:245:25:245:31":18,"s:245:31:245:Infinity":65,"b:253:44:253:63:253:63:253:Infinity":21}}}
,"/Users/berkaybgk/Desktop/cs-related/bounswe2025group2/Web_Frontend/genfit_frontend/src/components/Layout.css": {"path":"/Users/berkaybgk/Desktop/cs-related/bounswe2025group2/Web_Frontend/genfit_frontend/src/components/Layout.css","statementMap":{},"fnMap":{},"branchMap":{},"s":{},"f":{},"b":{},"meta":{"lastBranch":0,"lastFunction":0,"lastStatement":0,"seen":{}}}
,"/Users/berkaybgk/Desktop/cs-related/bounswe2025group2/Web_Frontend/genfit_frontend/src/components/Layout.tsx": {"path":"/Users/berkaybgk/Desktop/cs-related/bounswe2025group2/Web_Frontend/genfit_frontend/src/components/Layout.tsx","statementMap":{"0":{"start":{"line":11,"column":38},"end":{"line":30,"column":null}},"1":{"start":{"line":12,"column":50},"end":{"line":12,"column":null}},"2":{"start":{"line":14,"column":30},"end":{"line":16,"column":null}},"3":{"start":{"line":15,"column":4},"end":{"line":15,"column":null}},"4":{"start":{"line":18,"column":2},"end":{"line":28,"column":null}}},"fnMap":{"0":{"name":"(anonymous_0)","decl":{"start":{"line":11,"column":38},"end":{"line":11,"column":39}},"loc":{"start":{"line":11,"column":66},"end":{"line":30,"column":null}},"line":11},"1":{"name":"(anonymous_1)","decl":{"start":{"line":14,"column":30},"end":{"line":14,"column":36}},"loc":{"start":{"line":14,"column":36},"end":{"line":16,"column":null}},"line":14}},"branchMap":{"0":{"loc":{"start":{"line":25,"column":41},"end":{"line":25,"column":102}},"type":"cond-expr","locations":[{"start":{"line":25,"column":62},"end":{"line":25,"column":84}},{"start":{"line":25,"column":84},"end":{"line":25,"column":102}}],"line":25}},"s":{"0":2,"1":13,"2":13,"3":0,"4":13},"f":{"0":13,"1":0},"b":{"0":[0,13]},"meta":{"lastBranch":1,"lastFunction":2,"lastStatement":5,"seen":{"s:11:38:30:Infinity":0,"f:11:38:11:39":0,"s:12:50:12:Infinity":1,"s:14:30:16:Infinity":2,"f:14:30:14:36":1,"s:15:4:15:Infinity":3,"s:18:2:28:Infinity":4,"b:25:62:25:84:25:84:25:102":0}}}
,"/Users/berkaybgk/Desktop/cs-related/bounswe2025group2/Web_Frontend/genfit_frontend/src/components/ReportButton.css": {"path":"/Users/berkaybgk/Desktop/cs-related/bounswe2025group2/Web_Frontend/genfit_frontend/src/components/ReportButton.css","statementMap":{},"fnMap":{},"branchMap":{},"s":{},"f":{},"b":{},"meta":{"lastBranch":0,"lastFunction":0,"lastStatement":0,"seen":{}}}
,"/Users/berkaybgk/Desktop/cs-related/bounswe2025group2/Web_Frontend/genfit_frontend/src/components/ReportButton.tsx": {"path":"/Users/berkaybgk/Desktop/cs-related/bounswe2025group2/Web_Frontend/genfit_frontend/src/components/ReportButton.tsx","statementMap":{"0":{"start":{"line":24,"column":36},"end":{"line":24,"column":null}},"1":{"start":{"line":25,"column":44},"end":{"line":25,"column":null}},"2":{"start":{"line":26,"column":34},"end":{"line":29,"column":null}},"3":{"start":{"line":30,"column":24},"end":{"line":30,"column":null}},"4":{"start":{"line":31,"column":28},"end":{"line":31,"column":null}},"5":{"start":{"line":33,"column":8},"end":{"line":33,"column":null}},"6":{"start":{"line":34,"column":8},"end":{"line":34,"column":null}},"7":{"start":{"line":35,"column":28},"end":{"line":35,"column":null}},"8":{"start":{"line":37,"column":24},"end":{"line":45,"column":null}},"9":{"start":{"line":48,"column":2},"end":{"line":51,"column":null}},"10":{"start":{"line":49,"column":4},"end":{"line":49,"column":null}},"11":{"start":{"line":50,"column":4},"end":{"line":50,"column":null}},"12":{"start":{"line":50,"column":17},"end":{"line":50,"column":null}},"13":{"start":{"line":54,"column":2},"end":{"line":78,"column":null}},"14":{"start":{"line":55,"column":25},"end":{"line":59,"column":null}},"15":{"start":{"line":56,"column":6},"end":{"line":58,"column":null}},"16":{"start":{"line":57,"column":8},"end":{"line":57,"column":null}},"17":{"start":{"line":61,"column":31},"end":{"line":65,"column":null}},"18":{"start":{"line":62,"column":6},"end":{"line":64,"column":null}},"19":{"start":{"line":63,"column":8},"end":{"line":63,"column":null}},"20":{"start":{"line":67,"column":4},"end":{"line":71,"column":null}},"21":{"start":{"line":68,"column":6},"end":{"line":68,"column":null}},"22":{"start":{"line":69,"column":6},"end":{"line":69,"column":null}},"23":{"start":{"line":70,"column":6},"end":{"line":70,"column":null}},"24":{"start":{"line":73,"column":4},"end":{"line":77,"column":null}},"25":{"start":{"line":74,"column":6},"end":{"line":74,"column":null}},"26":{"start":{"line":75,"column":6},"end":{"line":75,"column":null}},"27":{"start":{"line":76,"column":6},"end":{"line":76,"column":null}},"28":{"start":{"line":80,"column":28},"end":{"line":87,"column":null}},"29":{"start":{"line":81,"column":28},"end":{"line":81,"column":null}},"30":{"start":{"line":82,"column":4},"end":{"line":85,"column":null}},"31":{"start":{"line":82,"column":27},"end":{"line":85,"column":6}},"32":{"start":{"line":86,"column":4},"end":{"line":86,"column":null}},"33":{"start":{"line":89,"column":23},"end":{"line":92,"column":null}},"34":{"start":{"line":90,"column":24},"end":{"line":90,"column":null}},"35":{"start":{"line":91,"column":4},"end":{"line":91,"column":null}},"36":{"start":{"line":94,"column":29},"end":{"line":161,"column":null}},"37":{"start":{"line":95,"column":4},"end":{"line":95,"column":null}},"38":{"start":{"line":96,"column":4},"end":{"line":96,"column":null}},"39":{"start":{"line":98,"column":4},"end":{"line":101,"column":null}},"40":{"start":{"line":99,"column":6},"end":{"line":99,"column":null}},"41":{"start":{"line":100,"column":6},"end":{"line":100,"column":null}},"42":{"start":{"line":103,"column":4},"end":{"line":103,"column":null}},"43":{"start":{"line":104,"column":4},"end":{"line":104,"column":null}},"44":{"start":{"line":105,"column":4},"end":{"line":105,"column":null}},"45":{"start":{"line":107,"column":4},"end":{"line":160,"column":null}},"46":{"start":{"line":108,"column":22},"end":{"line":108,"column":null}},"47":{"start":{"line":109,"column":21},"end":{"line":109,"column":null}},"48":{"start":{"line":111,"column":23},"end":{"line":124,"column":null}},"49":{"start":{"line":126,"column":27},"end":{"line":126,"column":null}},"50":{"start":{"line":129,"column":6},"end":{"line":134,"column":null}},"51":{"start":{"line":130,"column":8},"end":{"line":130,"column":null}},"52":{"start":{"line":132,"column":8},"end":{"line":132,"column":null}},"53":{"start":{"line":133,"column":8},"end":{"line":133,"column":null}},"54":{"start":{"line":136,"column":6},"end":{"line":139,"column":null}},"55":{"start":{"line":137,"column":8},"end":{"line":137,"column":null}},"56":{"start":{"line":138,"column":8},"end":{"line":138,"column":null}},"57":{"start":{"line":141,"column":6},"end":{"line":141,"column":null}},"58":{"start":{"line":144,"column":6},"end":{"line":144,"column":null}},"59":{"start":{"line":147,"column":6},"end":{"line":153,"column":null}},"60":{"start":{"line":148,"column":8},"end":{"line":148,"column":null}},"61":{"start":{"line":149,"column":8},"end":{"line":149,"column":null}},"62":{"start":{"line":150,"column":8},"end":{"line":152,"column":null}},"63":{"start":{"line":151,"column":10},"end":{"line":151,"column":null}},"64":{"start":{"line":156,"column":6},"end":{"line":156,"column":null}},"65":{"start":{"line":157,"column":6},"end":{"line":157,"column":null}},"66":{"start":{"line":159,"column":6},"end":{"line":159,"column":null}},"67":{"start":{"line":163,"column":23},"end":{"line":170,"column":null}},"68":{"start":{"line":164,"column":4},"end":{"line":169,"column":null}},"69":{"start":{"line":165,"column":6},"end":{"line":165,"column":null}},"70":{"start":{"line":166,"column":6},"end":{"line":166,"column":null}},"71":{"start":{"line":167,"column":6},"end":{"line":167,"column":null}},"72":{"start":{"line":168,"column":6},"end":{"line":168,"column":null}},"73":{"start":{"line":172,"column":32},"end":{"line":184,"column":null}},"74":{"start":{"line":173,"column":44},"end":{"line":182,"column":null}},"75":{"start":{"line":183,"column":4},"end":{"line":183,"column":null}},"76":{"start":{"line":187,"column":22},"end":{"line":316,"column":null}},"77":{"start":{"line":188,"column":4},"end":{"line":188,"column":null}},"78":{"start":{"line":188,"column":38},"end":{"line":188,"column":null}},"79":{"start":{"line":190,"column":4},"end":{"line":315,"column":null}},"80":{"start":{"line":192,"column":64},"end":{"line":192,"column":null}},"81":{"start":{"line":234,"column":22},"end":{"line":236,"column":null}},"82":{"start":{"line":319,"column":2},"end":{"line":343,"column":null}},"83":{"start":{"line":322,"column":23},"end":{"line":322,"column":null}}},"fnMap":{"0":{"name":"ReportButton","decl":{"start":{"line":16,"column":24},"end":{"line":16,"column":37}},"loc":{"start":{"line":23,"column":22},"end":{"line":345,"column":null}},"line":23},"1":{"name":"(anonymous_1)","decl":{"start":{"line":48,"column":12},"end":{"line":48,"column":18}},"loc":{"start":{"line":48,"column":18},"end":{"line":51,"column":5}},"line":48},"2":{"name":"(anonymous_2)","decl":{"start":{"line":50,"column":11},"end":{"line":50,"column":17}},"loc":{"start":{"line":50,"column":17},"end":{"line":50,"column":null}},"line":50},"3":{"name":"(anonymous_3)","decl":{"start":{"line":54,"column":12},"end":{"line":54,"column":18}},"loc":{"start":{"line":54,"column":18},"end":{"line":78,"column":5}},"line":54},"4":{"name":"(anonymous_4)","decl":{"start":{"line":55,"column":25},"end":{"line":55,"column":26}},"loc":{"start":{"line":55,"column":47},"end":{"line":59,"column":null}},"line":55},"5":{"name":"(anonymous_5)","decl":{"start":{"line":61,"column":31},"end":{"line":61,"column":32}},"loc":{"start":{"line":61,"column":50},"end":{"line":65,"column":null}},"line":61},"6":{"name":"(anonymous_6)","decl":{"start":{"line":73,"column":11},"end":{"line":73,"column":17}},"loc":{"start":{"line":73,"column":17},"end":{"line":77,"column":null}},"line":73},"7":{"name":"(anonymous_7)","decl":{"start":{"line":80,"column":28},"end":{"line":80,"column":29}},"loc":{"start":{"line":80,"column":95},"end":{"line":87,"column":null}},"line":80},"8":{"name":"(anonymous_8)","decl":{"start":{"line":82,"column":18},"end":{"line":82,"column":27}},"loc":{"start":{"line":82,"column":27},"end":{"line":85,"column":6}},"line":82},"9":{"name":"(anonymous_9)","decl":{"start":{"line":89,"column":23},"end":{"line":89,"column":29}},"loc":{"start":{"line":89,"column":29},"end":{"line":92,"column":null}},"line":89},"10":{"name":"(anonymous_10)","decl":{"start":{"line":94,"column":29},"end":{"line":94,"column":36}},"loc":{"start":{"line":94,"column":59},"end":{"line":161,"column":null}},"line":94},"11":{"name":"(anonymous_11)","decl":{"start":{"line":147,"column":17},"end":{"line":147,"column":23}},"loc":{"start":{"line":147,"column":23},"end":{"line":153,"column":9}},"line":147},"12":{"name":"(anonymous_12)","decl":{"start":{"line":163,"column":23},"end":{"line":163,"column":29}},"loc":{"start":{"line":163,"column":29},"end":{"line":170,"column":null}},"line":163},"13":{"name":"(anonymous_13)","decl":{"start":{"line":172,"column":32},"end":{"line":172,"column":33}},"loc":{"start":{"line":172,"column":58},"end":{"line":184,"column":null}},"line":172},"14":{"name":"(anonymous_14)","decl":{"start":{"line":187,"column":22},"end":{"line":187,"column":28}},"loc":{"start":{"line":187,"column":28},"end":{"line":316,"column":null}},"line":187},"15":{"name":"(anonymous_15)","decl":{"start":{"line":192,"column":57},"end":{"line":192,"column":58}},"loc":{"start":{"line":192,"column":64},"end":{"line":192,"column":null}},"line":192},"16":{"name":"(anonymous_16)","decl":{"start":{"line":233,"column":39},"end":{"line":233,"column":null}},"loc":{"start":{"line":234,"column":22},"end":{"line":236,"column":null}},"line":234},"17":{"name":"(anonymous_17)","decl":{"start":{"line":322,"column":17},"end":{"line":322,"column":23}},"loc":{"start":{"line":322,"column":23},"end":{"line":322,"column":null}},"line":322}},"branchMap":{"0":{"loc":{"start":{"line":20,"column":2},"end":{"line":20,"column":null}},"type":"default-arg","locations":[{"start":{"line":20,"column":14},"end":{"line":20,"column":null}}],"line":20},"1":{"loc":{"start":{"line":22,"column":2},"end":{"line":22,"column":null}},"type":"default-arg","locations":[{"start":{"line":22,"column":12},"end":{"line":22,"column":null}}],"line":22},"2":{"loc":{"start":{"line":56,"column":6},"end":{"line":58,"column":null}},"type":"if","locations":[{"start":{"line":56,"column":6},"end":{"line":58,"column":null}},{"start":{},"end":{}}],"line":56},"3":{"loc":{"start":{"line":56,"column":10},"end":{"line":56,"column":49}},"type":"binary-expr","locations":[{"start":{"line":56,"column":10},"end":{"line":56,"column":32}},{"start":{"line":56,"column":32},"end":{"line":56,"column":49}}],"line":56},"4":{"loc":{"start":{"line":62,"column":6},"end":{"line":64,"column":null}},"type":"if","locations":[{"start":{"line":62,"column":6},"end":{"line":64,"column":null}},{"start":{},"end":{}}],"line":62},"5":{"loc":{"start":{"line":62,"column":10},"end":{"line":62,"column":76}},"type":"binary-expr","locations":[{"start":{"line":62,"column":10},"end":{"line":62,"column":30}},{"start":{"line":62,"column":30},"end":{"line":62,"column":76}}],"line":62},"6":{"loc":{"start":{"line":67,"column":4},"end":{"line":71,"column":null}},"type":"if","locations":[{"start":{"line":67,"column":4},"end":{"line":71,"column":null}},{"start":{},"end":{}}],"line":67},"7":{"loc":{"start":{"line":91,"column":11},"end":{"line":91,"column":null}},"type":"cond-expr","locations":[{"start":{"line":91,"column":25},"end":{"line":91,"column":42}},{"start":{"line":91,"column":42},"end":{"line":91,"column":null}}],"line":91},"8":{"loc":{"start":{"line":98,"column":4},"end":{"line":101,"column":null}},"type":"if","locations":[{"start":{"line":98,"column":4},"end":{"line":101,"column":null}},{"start":{},"end":{}}],"line":98},"9":{"loc":{"start":{"line":108,"column":22},"end":{"line":108,"column":null}},"type":"binary-expr","locations":[{"start":{"line":108,"column":22},"end":{"line":108,"column":59}},{"start":{"line":108,"column":59},"end":{"line":108,"column":null}}],"line":108},"10":{"loc":{"start":{"line":136,"column":6},"end":{"line":139,"column":null}},"type":"if","locations":[{"start":{"line":136,"column":6},"end":{"line":139,"column":null}},{"start":{},"end":{}}],"line":136},"11":{"loc":{"start":{"line":138,"column":24},"end":{"line":138,"column":103}},"type":"binary-expr","locations":[{"start":{"line":138,"column":24},"end":{"line":138,"column":39}},{"start":{"line":138,"column":39},"end":{"line":138,"column":55}},{"start":{"line":138,"column":55},"end":{"line":138,"column":69}},{"start":{"line":138,"column":69},"end":{"line":138,"column":103}}],"line":138},"12":{"loc":{"start":{"line":150,"column":8},"end":{"line":152,"column":null}},"type":"if","locations":[{"start":{"line":150,"column":8},"end":{"line":152,"column":null}},{"start":{},"end":{}}],"line":150},"13":{"loc":{"start":{"line":157,"column":15},"end":{"line":157,"column":100}},"type":"cond-expr","locations":[{"start":{"line":157,"column":40},"end":{"line":157,"column":56}},{"start":{"line":157,"column":56},"end":{"line":157,"column":100}}],"line":157},"14":{"loc":{"start":{"line":164,"column":4},"end":{"line":169,"column":null}},"type":"if","locations":[{"start":{"line":164,"column":4},"end":{"line":169,"column":null}},{"start":{},"end":{}}],"line":164},"15":{"loc":{"start":{"line":183,"column":11},"end":{"line":183,"column":null}},"type":"binary-expr","locations":[{"start":{"line":183,"column":11},"end":{"line":183,"column":28}},{"start":{"line":183,"column":28},"end":{"line":183,"column":null}}],"line":183},"16":{"loc":{"start":{"line":188,"column":4},"end":{"line":188,"column":null}},"type":"if","locations":[{"start":{"line":188,"column":4},"end":{"line":188,"column":null}},{"start":{},"end":{}}],"line":188},"17":{"loc":{"start":{"line":188,"column":8},"end":{"line":188,"column":38}},"type":"binary-expr","locations":[{"start":{"line":188,"column":8},"end":{"line":188,"column":28}},{"start":{"line":188,"column":28},"end":{"line":188,"column":38}}],"line":188},"18":{"loc":{"start":{"line":209,"column":52},"end":{"line":209,"column":121}},"type":"binary-expr","locations":[{"start":{"line":209,"column":52},"end":{"line":209,"column":68}},{"start":{"line":209,"column":68},"end":{"line":209,"column":121}}],"line":209},"19":{"loc":{"start":{"line":256,"column":19},"end":{"line":260,"column":null}},"type":"binary-expr","locations":[{"start":{"line":256,"column":19},"end":{"line":256,"column":null}},{"start":{"line":257,"column":20},"end":{"line":260,"column":null}}],"line":256},"20":{"loc":{"start":{"line":264,"column":17},"end":{"line":268,"column":null}},"type":"binary-expr","locations":[{"start":{"line":264,"column":17},"end":{"line":264,"column":null}},{"start":{"line":265,"column":18},"end":{"line":268,"column":null}}],"line":264},"21":{"loc":{"start":{"line":271,"column":17},"end":{"line":275,"column":null}},"type":"binary-expr","locations":[{"start":{"line":271,"column":17},"end":{"line":271,"column":null}},{"start":{"line":272,"column":18},"end":{"line":275,"column":null}}],"line":271},"22":{"loc":{"start":{"line":290,"column":30},"end":{"line":290,"column":null}},"type":"binary-expr","locations":[{"start":{"line":290,"column":30},"end":{"line":290,"column":45}},{"start":{"line":290,"column":45},"end":{"line":290,"column":null}}],"line":290},"23":{"loc":{"start":{"line":292,"column":21},"end":{"line":301,"column":null}},"type":"cond-expr","locations":[{"start":{"line":293,"column":22},"end":{"line":296,"column":null}},{"start":{"line":298,"column":22},"end":{"line":301,"column":null}}],"line":292},"24":{"loc":{"start":{"line":327,"column":9},"end":{"line":338,"column":null}},"type":"cond-expr","locations":[{"start":{"line":328,"column":10},"end":{"line":328,"column":null}},{"start":{"line":329,"column":12},"end":{"line":338,"column":null}}],"line":327},"25":{"loc":{"start":{"line":329,"column":12},"end":{"line":338,"column":null}},"type":"cond-expr","locations":[{"start":{"line":330,"column":10},"end":{"line":333,"column":null}},{"start":{"line":335,"column":10},"end":{"line":338,"column":null}}],"line":329}},"s":{"0":0,"1":0,"2":0,"3":0,"4":0,"5":0,"6":0,"7":0,"8":0,"9":0,"10":0,"11":0,"12":0,"13":0,"14":0,"15":0,"16":0,"17":0,"18":0,"19":0,"20":0,"21":0,"22":0,"23":0,"24":0,"25":0,"26":0,"27":0,"28":0,"29":0,"30":0,"31":0,"32":0,"33":0,"34":0,"35":0,"36":0,"37":0,"38":0,"39":0,"40":0,"41":0,"42":0,"43":0,"44":0,"45":0,"46":0,"47":0,"48":0,"49":0,"50":0,"51":0,"52":0,"53":0,"54":0,"55":0,"56":0,"57":0,"58":0,"59":0,"60":0,"61":0,"62":0,"63":0,"64":0,"65":0,"66":0,"67":0,"68":0,"69":0,"70":0,"71":0,"72":0,"73":0,"74":0,"75":0,"76":0,"77":0,"78":0,"79":0,"80":0,"81":0,"82":0,"83":0},"f":{"0":0,"1":0,"2":0,"3":0,"4":0,"5":0,"6":0,"7":0,"8":0,"9":0,"10":0,"11":0,"12":0,"13":0,"14":0,"15":0,"16":0,"17":0},"b":{"0":[0],"1":[0],"2":[0,0],"3":[0,0],"4":[0,0],"5":[0,0],"6":[0,0],"7":[0,0],"8":[0,0],"9":[0,0],"10":[0,0],"11":[0,0,0,0],"12":[0,0],"13":[0,0],"14":[0,0],"15":[0,0],"16":[0,0],"17":[0,0],"18":[0,0],"19":[0,0],"20":[0,0],"21":[0,0],"22":[0,0],"23":[0,0],"24":[0,0],"25":[0,0]},"meta":{"lastBranch":26,"lastFunction":18,"lastStatement":84,"seen":{"f:16:24:16:37":0,"b:20:14:20:Infinity":0,"b:22:12:22:Infinity":1,"s:24:36:24:Infinity":0,"s:25:44:25:Infinity":1,"s:26:34:29:Infinity":2,"s:30:24:30:Infinity":3,"s:31:28:31:Infinity":4,"s:33:8:33:Infinity":5,"s:34:8:34:Infinity":6,"s:35:28:35:Infinity":7,"s:37:24:45:Infinity":8,"s:48:2:51:Infinity":9,"f:48:12:48:18":1,"s:49:4:49:Infinity":10,"s:50:4:50:Infinity":11,"f:50:11:50:17":2,"s:50:17:50:Infinity":12,"s:54:2:78:Infinity":13,"f:54:12:54:18":3,"s:55:25:59:Infinity":14,"f:55:25:55:26":4,"b:56:6:58:Infinity:undefined:undefined:undefined:undefined":2,"s:56:6:58:Infinity":15,"b:56:10:56:32:56:32:56:49":3,"s:57:8:57:Infinity":16,"s:61:31:65:Infinity":17,"f:61:31:61:32":5,"b:62:6:64:Infinity:undefined:undefined:undefined:undefined":4,"s:62:6:64:Infinity":18,"b:62:10:62:30:62:30:62:76":5,"s:63:8:63:Infinity":19,"b:67:4:71:Infinity:undefined:undefined:undefined:undefined":6,"s:67:4:71:Infinity":20,"s:68:6:68:Infinity":21,"s:69:6:69:Infinity":22,"s:70:6:70:Infinity":23,"s:73:4:77:Infinity":24,"f:73:11:73:17":6,"s:74:6:74:Infinity":25,"s:75:6:75:Infinity":26,"s:76:6:76:Infinity":27,"s:80:28:87:Infinity":28,"f:80:28:80:29":7,"s:81:28:81:Infinity":29,"s:82:4:85:Infinity":30,"f:82:18:82:27":8,"s:82:27:85:6":31,"s:86:4:86:Infinity":32,"s:89:23:92:Infinity":33,"f:89:23:89:29":9,"s:90:24:90:Infinity":34,"s:91:4:91:Infinity":35,"b:91:25:91:42:91:42:91:Infinity":7,"s:94:29:161:Infinity":36,"f:94:29:94:36":10,"s:95:4:95:Infinity":37,"s:96:4:96:Infinity":38,"b:98:4:101:Infinity:undefined:undefined:undefined:undefined":8,"s:98:4:101:Infinity":39,"s:99:6:99:Infinity":40,"s:100:6:100:Infinity":41,"s:103:4:103:Infinity":42,"s:104:4:104:Infinity":43,"s:105:4:105:Infinity":44,"s:107:4:160:Infinity":45,"s:108:22:108:Infinity":46,"b:108:22:108:59:108:59:108:Infinity":9,"s:109:21:109:Infinity":47,"s:111:23:124:Infinity":48,"s:126:27:126:Infinity":49,"s:129:6:134:Infinity":50,"s:130:8:130:Infinity":51,"s:132:8:132:Infinity":52,"s:133:8:133:Infinity":53,"b:136:6:139:Infinity:undefined:undefined:undefined:undefined":10,"s:136:6:139:Infinity":54,"s:137:8:137:Infinity":55,"s:138:8:138:Infinity":56,"b:138:24:138:39:138:39:138:55:138:55:138:69:138:69:138:103":11,"s:141:6:141:Infinity":57,"s:144:6:144:Infinity":58,"s:147:6:153:Infinity":59,"f:147:17:147:23":11,"s:148:8:148:Infinity":60,"s:149:8:149:Infinity":61,"b:150:8:152:Infinity:undefined:undefined:undefined:undefined":12,"s:150:8:152:Infinity":62,"s:151:10:151:Infinity":63,"s:156:6:156:Infinity":64,"s:157:6:157:Infinity":65,"b:157:40:157:56:157:56:157:100":13,"s:159:6:159:Infinity":66,"s:163:23:170:Infinity":67,"f:163:23:163:29":12,"b:164:4:169:Infinity:undefined:undefined:undefined:undefined":14,"s:164:4:169:Infinity":68,"s:165:6:165:Infinity":69,"s:166:6:166:Infinity":70,"s:167:6:167:Infinity":71,"s:168:6:168:Infinity":72,"s:172:32:184:Infinity":73,"f:172:32:172:33":13,"s:173:44:182:Infinity":74,"s:183:4:183:Infinity":75,"b:183:11:183:28:183:28:183:Infinity":15,"s:187:22:316:Infinity":76,"f:187:22:187:28":14,"b:188:4:188:Infinity:undefined:undefined:undefined:undefined":16,"s:188:4:188:Infinity":77,"b:188:8:188:28:188:28:188:38":17,"s:188:38:188:Infinity":78,"s:190:4:315:Infinity":79,"f:192:57:192:58":15,"s:192:64:192:Infinity":80,"b:209:52:209:68:209:68:209:121":18,"f:233:39:233:Infinity":16,"s:234:22:236:Infinity":81,"b:256:19:256:Infinity:257:20:260:Infinity":19,"b:264:17:264:Infinity:265:18:268:Infinity":20,"b:271:17:271:Infinity:272:18:275:Infinity":21,"b:290:30:290:45:290:45:290:Infinity":22,"b:293:22:296:Infinity:298:22:301:Infinity":23,"s:319:2:343:Infinity":82,"f:322:17:322:23":17,"s:322:23:322:Infinity":83,"b:328:10:328:Infinity:329:12:338:Infinity":24,"b:330:10:333:Infinity:335:10:338:Infinity":25}}}
,"/Users/berkaybgk/Desktop/cs-related/bounswe2025group2/Web_Frontend/genfit_frontend/src/components/SideNavigation.css": {"path":"/Users/berkaybgk/Desktop/cs-related/bounswe2025group2/Web_Frontend/genfit_frontend/src/components/SideNavigation.css","statementMap":{},"fnMap":{},"branchMap":{},"s":{},"f":{},"b":{},"meta":{"lastBranch":0,"lastFunction":0,"lastStatement":0,"seen":{}}}
,"/Users/berkaybgk/Desktop/cs-related/bounswe2025group2/Web_Frontend/genfit_frontend/src/components/SideNavigation.tsx": {"path":"/Users/berkaybgk/Desktop/cs-related/bounswe2025group2/Web_Frontend/genfit_frontend/src/components/SideNavigation.tsx","statementMap":{"0":{"start":{"line":21,"column":49},"end":{"line":122,"column":null}},"1":{"start":{"line":124,"column":54},"end":{"line":237,"column":null}},"2":{"start":{"line":129,"column":44},"end":{"line":129,"column":null}},"3":{"start":{"line":130,"column":30},"end":{"line":130,"column":null}},"4":{"start":{"line":131,"column":8},"end":{"line":131,"column":null}},"5":{"start":{"line":132,"column":8},"end":{"line":132,"column":null}},"6":{"start":{"line":133,"column":48},"end":{"line":133,"column":null}},"7":{"start":{"line":135,"column":2},"end":{"line":143,"column":null}},"8":{"start":{"line":136,"column":28},"end":{"line":141,"column":null}},"9":{"start":{"line":137,"column":6},"end":{"line":139,"column":null}},"10":{"start":{"line":138,"column":8},"end":{"line":138,"column":null}},"11":{"start":{"line":138,"column":70},"end":{"line":138,"column":91}},"12":{"start":{"line":140,"column":6},"end":{"line":140,"column":null}},"13":{"start":{"line":142,"column":4},"end":{"line":142,"column":null}},"14":{"start":{"line":146,"column":20},"end":{"line":146,"column":null}},"15":{"start":{"line":148,"column":27},"end":{"line":150,"column":null}},"16":{"start":{"line":149,"column":4},"end":{"line":149,"column":null}},"17":{"start":{"line":152,"column":25},"end":{"line":158,"column":null}},"18":{"start":{"line":153,"column":4},"end":{"line":157,"column":null}},"19":{"start":{"line":154,"column":6},"end":{"line":154,"column":null}},"20":{"start":{"line":156,"column":6},"end":{"line":156,"column":null}},"21":{"start":{"line":160,"column":19},"end":{"line":162,"column":null}},"22":{"start":{"line":161,"column":4},"end":{"line":161,"column":null}},"23":{"start":{"line":164,"column":2},"end":{"line":235,"column":null}},"24":{"start":{"line":212,"column":12},"end":{"line":231,"column":null}},"25":{"start":{"line":216,"column":31},"end":{"line":216,"column":null}}},"fnMap":{"0":{"name":"(anonymous_0)","decl":{"start":{"line":124,"column":54},"end":{"line":124,"column":55}},"loc":{"start":{"line":128,"column":6},"end":{"line":237,"column":null}},"line":128},"1":{"name":"(anonymous_1)","decl":{"start":{"line":135,"column":12},"end":{"line":135,"column":18}},"loc":{"start":{"line":135,"column":18},"end":{"line":143,"column":5}},"line":135},"2":{"name":"(anonymous_2)","decl":{"start":{"line":136,"column":52},"end":{"line":136,"column":60}},"loc":{"start":{"line":136,"column":60},"end":{"line":141,"column":5}},"line":136},"3":{"name":"(anonymous_3)","decl":{"start":{"line":138,"column":54},"end":{"line":138,"column":70}},"loc":{"start":{"line":138,"column":70},"end":{"line":138,"column":91}},"line":138},"4":{"name":"(anonymous_4)","decl":{"start":{"line":148,"column":27},"end":{"line":148,"column":28}},"loc":{"start":{"line":148,"column":45},"end":{"line":150,"column":null}},"line":148},"5":{"name":"(anonymous_5)","decl":{"start":{"line":152,"column":25},"end":{"line":152,"column":31}},"loc":{"start":{"line":152,"column":31},"end":{"line":158,"column":null}},"line":152},"6":{"name":"(anonymous_6)","decl":{"start":{"line":160,"column":19},"end":{"line":160,"column":20}},"loc":{"start":{"line":160,"column":37},"end":{"line":162,"column":null}},"line":160},"7":{"name":"(anonymous_7)","decl":{"start":{"line":211,"column":31},"end":{"line":211,"column":32}},"loc":{"start":{"line":212,"column":12},"end":{"line":231,"column":null}},"line":212},"8":{"name":"(anonymous_8)","decl":{"start":{"line":216,"column":25},"end":{"line":216,"column":31}},"loc":{"start":{"line":216,"column":31},"end":{"line":216,"column":null}},"line":216}},"branchMap":{"0":{"loc":{"start":{"line":125,"column":19},"end":{"line":125,"column":null}},"type":"default-arg","locations":[{"start":{"line":125,"column":41},"end":{"line":125,"column":null}}],"line":125},"1":{"loc":{"start":{"line":126,"column":2},"end":{"line":126,"column":null}},"type":"default-arg","locations":[{"start":{"line":126,"column":16},"end":{"line":126,"column":null}}],"line":126},"2":{"loc":{"start":{"line":137,"column":6},"end":{"line":139,"column":null}},"type":"if","locations":[{"start":{"line":137,"column":6},"end":{"line":139,"column":null}},{"start":{},"end":{}}],"line":137},"3":{"loc":{"start":{"line":137,"column":10},"end":{"line":137,"column":56}},"type":"binary-expr","locations":[{"start":{"line":137,"column":10},"end":{"line":137,"column":41}},{"start":{"line":137,"column":41},"end":{"line":137,"column":56}}],"line":137},"4":{"loc":{"start":{"line":146,"column":20},"end":{"line":146,"column":null}},"type":"cond-expr","locations":[{"start":{"line":146,"column":48},"end":{"line":146,"column":62}},{"start":{"line":146,"column":62},"end":{"line":146,"column":null}}],"line":146},"5":{"loc":{"start":{"line":153,"column":4},"end":{"line":157,"column":null}},"type":"if","locations":[{"start":{"line":153,"column":4},"end":{"line":157,"column":null}},{"start":{"line":155,"column":11},"end":{"line":157,"column":null}}],"line":153},"6":{"loc":{"start":{"line":165,"column":39},"end":{"line":165,"column":67}},"type":"cond-expr","locations":[{"start":{"line":165,"column":51},"end":{"line":165,"column":65}},{"start":{"line":165,"column":65},"end":{"line":165,"column":67}}],"line":165},"7":{"loc":{"start":{"line":167,"column":9},"end":{"line":170,"column":null}},"type":"binary-expr","locations":[{"start":{"line":167,"column":9},"end":{"line":167,"column":null}},{"start":{"line":168,"column":10},"end":{"line":170,"column":null}}],"line":167},"8":{"loc":{"start":{"line":176,"column":17},"end":{"line":176,"column":null}},"type":"cond-expr","locations":[{"start":{"line":176,"column":29},"end":{"line":176,"column":48}},{"start":{"line":176,"column":48},"end":{"line":176,"column":null}}],"line":176},"9":{"loc":{"start":{"line":178,"column":11},"end":{"line":204,"column":null}},"type":"cond-expr","locations":[{"start":{"line":180,"column":12},"end":{"line":191,"column":null}},{"start":{"line":194,"column":12},"end":{"line":204,"column":null}}],"line":178},"10":
[...]
2:64:Infinity":11,"s:65:36:65:Infinity":12,"s:67:35:79:Infinity":13,"f:67:35:67:47":1,"b:68:4:68:Infinity:undefined:undefined:undefined:undefined":3,"s:68:4:68:Infinity":14,"s:68:23:68:Infinity":15,"b:69:4:69:Infinity:undefined:undefined:undefined:undefined":4,"s:69:4:69:Infinity":16,"s:69:64:69:Infinity":17,"s:70:4:78:Infinity":18,"s:71:6:71:Infinity":19,"s:72:6:72:Infinity":20,"s:73:6:73:Infinity":21,"s:74:6:74:Infinity":22,"s:76:6:76:Infinity":23,"s:77:6:77:Infinity":24,"s:81:31:83:Infinity":25,"b:82:45:82:86:82:86:82:101":5,"s:85:35:90:Infinity":26,"b:85:32:85:35":6,"f:87:13:87:19":2,"s:87:19:87:Infinity":27,"s:92:54:97:Infinity":28,"b:92:24:92:28":7,"f:94:13:94:19":3,"s:94:19:94:Infinity":29,"s:99:22:99:Infinity":30,"b:99:39:99:100:99:100:99:Infinity":8,"b:99:39:99:92:99:92:99:100":9,"f:99:50:99:55":4,"s:99:55:99:83":31,"s:101:8:107:Infinity":32,"f:101:30:101:36":5,"b:102:4:102:Infinity:undefined:undefined:undefined:undefined":10,"s:102:4:102:Infinity":33,"b:102:8:102:15:102:15:102:29":11,"s:102:29:102:Infinity":34,"s:103:4:106:Infinity":35,"f:103:32:103:Infinity":6,"s:104:7:105:Infinity":36,"b:104:7:104:29:104:29:104:Infinity:105:7:105:35:105:35:105:Infinity":12,"s:108:22:112:Infinity":37,"b:108:22:108:Infinity:109:7:109:Infinity:110:7:110:Infinity:111:7:111:Infinity:112:7:112:Infinity":13,"s:113:19:113:Infinity":38,"b:113:22:113:37:113:37:113:Infinity":14,"s:114:21:114:Infinity":39,"b:114:24:114:39:114:39:114:Infinity":15,"s:115:26:115:Infinity":40,"b:115:29:115:44:115:44:115:81:115:81:115:Infinity":16,"s:117:23:117:Infinity":41,"f:117:44:117:49":7,"s:117:49:117:72":42,"s:118:20:118:Infinity":43,"b:118:25:118:130:118:130:118:Infinity":17,"f:118:45:118:50":8,"s:118:50:118:68":44,"f:118:74:118:80":9,"s:118:80:118:126":45,"s:119:20:119:Infinity":46,"b:119:25:119:130:119:130:119:Infinity":18,"f:119:45:119:50":10,"s:119:50:119:68":47,"f:119:74:119:80":11,"s:119:80:119:126":48,"s:120:28:120:Infinity":49,"b:120:33:120:133:120:133:120:Infinity":19,"f:120:54:120:59":12,"s:120:59:120:129":50,"b:120:59:120:86:120:86:120:108:120:108:120:129":20,"s:121:30:121:Infinity":51,"f:121:82:121:87":13,"s:121:87:121:97":52,"s:123:35:150:Infinity":53,"f:125:13:125:25":14,"s:126:19:126:Infinity":54,"b:126:19:126:56:126:56:126:Infinity":21,"s:127:46:127:Infinity":55,"s:128:6:144:Infinity":56,"s:129:25:129:Infinity":57,"s:130:8:143:Infinity":58,"s:131:27:131:Infinity":59,"b:132:10:132:Infinity:undefined:undefined:undefined:undefined":22,"s:132:10:132:Infinity":60,"s:132:28:132:Infinity":61,"s:133:30:133:Infinity":62,"b:133:30:133:70:133:70:133:Infinity":23,"b:134:10:140:Infinity:137:17:140:Infinity":24,"s:134:10:140:Infinity":63,"s:135:25:135:Infinity":64,"s:136:12:136:Infinity":65,"s:138:25:138:Infinity":66,"b:139:12:139:Infinity:undefined:undefined:undefined:undefined":25,"s:139:12:139:Infinity":67,"s:139:29:139:Infinity":68,"s:142:10:142:Infinity":69,"s:145:6:145:Infinity":70,"b:147:13:147:31:147:31:147:Infinity":26,"s:152:2:169:Infinity":71,"f:152:12:152:18":15,"s:153:4:168:Infinity":72,"s:171:8:189:Infinity":73,"f:172:16:172:28":16,"b:173:6:175:Infinity:undefined:undefined:undefined:undefined":27,"s:173:6:175:Infinity":74,"s:174:8:174:Infinity":75,"b:176:6:178:Infinity:undefined:undefined:undefined:undefined":28,"s:176:6:178:Infinity":76,"s:177:8:177:Infinity":77,"s:179:6:179:Infinity":78,"f:181:15:181:21":17,"s:182:6:182:Infinity":79,"s:183:6:183:Infinity":80,"f:185:13:185:14":18,"s:186:6:186:Infinity":81,"s:187:6:187:Infinity":82,"s:191:8:209:Infinity":83,"f:192:16:192:28":19,"b:193:6:195:Infinity:undefined:undefined:undefined:undefined":29,"s:193:6:195:Infinity":84,"s:194:8:194:Infinity":85,"b:196:6:198:Infinity:undefined:undefined:undefined:undefined":30,"s:196:6:198:Infinity":86,"s:197:8:197:Infinity":87,"s:199:6:199:Infinity":88,"f:201:15:201:21":20,"s:202:6:202:Infinity":89,"s:203:6:203:Infinity":90,"f:205:13:205:14":21,"s:206:6:206:Infinity":91,"s:207:6:207:Infinity":92,"s:211:31:227:Infinity":93,"b:212:45:212:94:212:94:212:117":31,"f:213:13:213:25":22,"s:214:19:214:Infinity":94,"b:214:19:214:56:214:56:214:Infinity":32,"s:215:23:215:Infinity":95,"b:215:39:215:88:215:88:215:Infinity":33,"s:216:23:218:Infinity":96,"b:219:6:219:Infinity:undefined:undefined:undefined:undefined":34,"s:219:6:219:Infinity":97,"s:219:24:219:Infinity":98,"s:220:26:220:Infinity":99,"b:220:26:220:66:220:66:220:Infinity":35,"b:221:6:224:Infinity:undefined:undefined:undefined:undefined":36,"s:221:6:224:Infinity":100,"s:222:21:222:Infinity":101,"s:223:8:223:Infinity":102,"s:225:6:225:Infinity":103,"s:229:2:240:Infinity":104,"f:229:12:229:18":23,"b:230:4:239:Infinity:undefined:undefined:undefined:undefined":37,"s:230:4:239:Infinity":105,"s:231:6:238:Infinity":106,"b:232:14:232:37:232:37:232:Infinity":38,"b:233:17:233:43:233:43:233:Infinity":39,"b:234:13:234:35:234:35:234:Infinity":40,"b:235:18:235:45:235:45:235:Infinity":41,"b:236:20:236:49:236:49:236:Infinity":42,"b:237:26:237:61:237:61:237:Infinity":43,"s:242:8:250:Infinity":107,"f:243:16:243:23":24,"s:244:6:244:Infinity":108,"f:246:15:246:21":25,"s:247:6:247:Infinity":109,"s:248:6:248:Infinity":110,"s:252:8:271:Infinity":111,"f:253:16:253:23":26,"s:254:19:254:Infinity":112,"s:255:6:255:Infinity":113,"s:256:19:256:Infinity":114,"b:256:19:256:56:256:56:256:Infinity":44,"s:257:18:264:Infinity":115,"b:262:26:262:78:262:78:262:Infinity":45,"b:265:6:265:Infinity:undefined:undefined:undefined:undefined":46,"s:265:6:265:Infinity":116,"s:265:19:265:Infinity":117,"s:266:6:266:Infinity":118,"f:268:15:268:21":27,"s:269:6:269:Infinity":119,"s:273:8:280:Infinity":120,"f:274:16:274:28":28,"s:275:6:275:Infinity":121,"f:277:15:277:21":29,"s:278:6:278:Infinity":122,"s:282:17:291:Infinity":123,"f:282:17:282:23":30,"s:283:4:290:Infinity":124,"s:293:27:293:Infinity":125,"b:293:24:293:27":47,"b:293:40:293:57:293:57:293:66":48,"s:295:2:669:Infinity":126,"b:303:18:303:Infinity:305:18:305:Infinity":49,"b:305:52:305:100:305:100:305:104":50,"f:313:28:313:29":31,"s:314:33:314:Infinity":127,"b:315:20:315:Infinity:undefined:undefined:undefined:undefined":51,"s:315:20:315:Infinity":128,"s:315:31:315:Infinity":129,"b:316:20:316:Infinity:undefined:undefined:undefined:undefined":52,"s:316:20:316:Infinity":130,"s:316:53:316:Infinity":131,"s:317:20:317:Infinity":132,"b:321:17:321:Infinity:322:18:329:Infinity":53,"f:323:65:323:71":32,"s:323:71:323:120":133,"f:326:65:326:71":33,"s:326:71:326:102":134,"b:334:50:334:78:334:78:334:88":54,"b:335:50:335:78:335:78:335:85":55,"b:347:16:377:Infinity:379:16:413:Infinity":56,"b:350:94:350:149:350:149:350:165":57,"b:350:44:350:68:350:68:350:94":58,"b:354:44:354:72:354:72:354:88":59,"b:358:73:358:132:358:132:358:148":60,"b:362:44:362:67:362:67:362:83":61,"b:366:44:366:67:366:67:366:86":62,"b:370:44:370:80:370:80:370:96":63,"b:372:19:372:Infinity:373:20:375:Infinity":64,"f:374:69:374:75":34,"s:374:75:374:95":135,"f:382:74:382:75":35,"s:382:81:382:143":136,"f:386:80:386:81":36,"s:386:87:386:152":137,"f:390:82:390:83":37,"s:390:89:390:155":138,"f:394:75:394:76":38,"s:394:82:394:143":139,"f:402:32:402:33":39,"s:402:39:402:Infinity":140,"f:406:100:406:101":40,"s:406:107:406:175":141,"f:410:55:410:61":41,"s:410:61:410:82":142,"b:419:9:419:Infinity:420:10:510:Infinity":65,"b:430:46:442:Infinity:443:24:443:Infinity":66,"f:430:60:430:Infinity":42,"s:431:24:441:Infinity":143,"f:431:89:431:95":43,"s:431:95:431:Infinity":144,"b:434:30:434:Infinity:436:30:436:Infinity":67,"b:436:64:436:98:436:98:436:102":68,"b:450:46:462:Infinity:463:24:463:Infinity":69,"f:450:60:450:Infinity":44,"s:451:24:461:Infinity":145,"f:451:89:451:95":45,"s:451:95:451:Infinity":146,"b:454:30:454:Infinity:456:30:456:Infinity":70,"b:456:64:456:98:456:98:456:102":71,"b:470:54:502:Infinity:503:24:503:Infinity":72,"f:470:76:470:81":46,"s:471:43:471:Infinity":147,"s:472:41:472:Infinity":148,"s:473:51:473:Infinity":149,"b:473:62:473:82:473:82:473:Infinity":73,"s:474:44:476:Infinity":150,"b:475:28:475:Infinity:476:28:476:Infinity":74,"b:474:44:474:66:474:66:474:Infinity":75,"s:477:41:477:Infinity":151,"b:477:52:477:63:477:63:477:Infinity":76,"s:478:41:480:Infinity":152,"b:479:28:479:Infinity:480:28:480:Infinity":77,"s:481:24:500:Infinity":153,"f:483:67:483:73":47,"s:483:73:483:Infinity":154,"b:485:66:485:108:485:108:485:112":78,"b:487:67:487:89:487:89:487:94":79,"b:492:32:495:Infinity:497:32:497:Infinity":80,"f:493:81:493:87":48,"s:493:87:493:280":155,"f:493:172:493:178":49,"s:493:180:493:276":156,"f:494:81:494:87":50,"s:494:87:494:280":157,"f:494:172:494:178":51,"s:494:180:494:276":158,"f:497:79:497:85":52,"s:497:85:497:278":159,"f:497:170:497:176":53,"s:497:178:497:274":160,"b:513:9:513:Infinity:514:10:561:Infinity":81,"b:524:27:526:Infinity:527:26:535:Infinity":82,"b:523:23:523:38:523:38:523:Infinity":83,"b:525:30:525:Infinity:526:30:526:Infinity":84,"b:528:29:530:Infinity:531:28:535:Infinity":85,"b:527:26:527:41:527:41:527:77:527:77:527:Infinity":86,"b:529:32:529:Infinity:530:32:530:Infinity":87,"b:532:31:534:Infinity:535:30:535:Infinity":88,"b:531:28:531:43:531:43:531:79:531:79:531:Infinity":89,"b:533:34:533:Infinity:534:34:534:Infinity":90,"b:539:21:539:36:539:36:539:Infinity:540:22:540:Infinity":91,"f:540:94:540:100":54,"s:540:100:540:305":161,"f:540:197:540:203":55,"s:540:205:540:301":162,"b:542:21:542:36:542:36:542:72:542:72:542:Infinity:543:22:543:Infinity":92,"f:543:94:543:100":56,"s:543:100:543:303":163,"f:543:195:543:201":57,"s:543:203:543:299":164,"b:545:21:545:36:545:36:545:72:545:72:545:Infinity:546:22:549:Infinity":93,"f:547:76:547:82":58,"s:547:82:547:285":165,"f:547:177:547:183":59,"s:547:185:547:281":166,"f:548:71:548:77":60,"s:548:77:548:280":167,"f:548:172:548:178":61,"s:548:180:548:276":168,"b:551:22:551:39:551:39:551:54:551:54:551:Infinity:552:22:555:Infinity":94,"f:553:76:553:82":62,"s:553:82:553:108":169,"b:553:118:553:147:553:147:553:165:553:165:553:179":95,"f:554:71:554:77":63,"s:554:77:554:103":170,"b:554:113:554:142:554:142:554:160:554:160:554:174":96,"b:568:17:568:35:568:35:568:Infinity:569:18:571:Infinity":97,"f:569:55:569:61":64,"s:569:61:569:102":171,"b:573:17:573:34:573:34:573:Infinity:574:18:576:Infinity":98,"f:574:55:574:61":65,"s:574:63:574:85":172,"s:574:85:574:110":173,"b:581:16:616:Infinity:618:16:627:Infinity":99,"f:582:29:582:30":66,"s:583:20:614:Infinity":174,"f:586:31:586:37":67,"s:586:39:586:62":175,"s:586:62:586:89":176,"b:591:27:591:Infinity:592:28:594:Infinity":100,"b:597:63:597:78:597:78:597:80":101,"b:608:23:608:40:608:40:608:60:608:60:608:Infinity:609:24:612:Infinity":102,"f:610:73:610:74":68,"s:610:82:610:103":177,"s:610:103:610:125":178,"s:610:125:610:150":179,"f:611:73:611:80":69,"s:611:88:611:109":180,"b:611:109:611:152:undefined:undefined:undefined:undefined":103,"s:611:109:611:152":181,"s:611:144:611:152":182,"s:611:152:611:198":183,"s:611:198:611:280":184,"b:611:280:611:410:undefined:undefined:undefined:undefined":104,"s:611:280:611:410":185,"s:611:299:611:410":186,"b:621:63:621:104:621:104:621:145":105,"b:622:19:622:Infinity:623:20:625:Infinity":106,"f:623:57:623:63":70,"s:623:63:623:104":187,"f:635:19:635:25":71,"s:635:25:635:Infinity":188,"b:637:24:637:39:637:39:637:Infinity":107,"b:644:28:644:51:644:51:644:66":108,"b:646:13:646:Infinity:647:14:660:Infinity":109,"b:650:111:650:139:650:139:650:143":110,"f:655:55:655:61":72,"s:655:61:655:89":189,"b:656:19:656:Infinity:657:20:657:Infinity":111}}}
,"/Users/berkaybgk/Desktop/cs-related/bounswe2025group2/Web_Frontend/genfit_frontend/src/pages/profile/profile_page.css": {"path":"/Users/berkaybgk/Desktop/cs-related/bounswe2025group2/Web_Frontend/genfit_frontend/src/pages/profile/profile_page.css","statementMap":{},"fnMap":{},"branchMap":{},"s":{},"f":{},"b":{},"meta":{"lastBranch":0,"lastFunction":0,"lastStatement":0,"seen":{}}}
,"/Users/berkaybgk/Desktop/cs-related/bounswe2025group2/Web_Frontend/genfit_frontend/src/services/exerciseDbService.ts": {"path":"/Users/berkaybgk/Desktop/cs-related/bounswe2025group2/Web_Frontend/genfit_frontend/src/services/exerciseDbService.ts","statementMap":{"0":{"start":{"line":6,"column":24},"end":{"line":6,"column":null}},"1":{"start":{"line":74,"column":22},"end":{"line":74,"column":null}},"2":{"start":{"line":76,"column":2},"end":{"line":76,"column":null}},"3":{"start":{"line":76,"column":19},"end":{"line":76,"column":null}},"4":{"start":{"line":77,"column":2},"end":{"line":77,"column":null}},"5":{"start":{"line":77,"column":24},"end":{"line":77,"column":null}},"6":{"start":{"line":78,"column":2},"end":{"line":78,"column":null}},"7":{"start":{"line":78,"column":25},"end":{"line":78,"column":null}},"8":{"start":{"line":79,"column":2},"end":{"line":79,"column":null}},"9":{"start":{"line":79,"column":23},"end":{"line":79,"column":null}},"10":{"start":{"line":80,"column":2},"end":{"line":80,"column":null}},"11":{"start":{"line":80,"column":20},"end":{"line":80,"column":null}},"12":{"start":{"line":82,"column":19},"end":{"line":91,"column":null}},"13":{"start":{"line":93,"column":2},"end":{"line":96,"column":null}},"14":{"start":{"line":94,"column":22},"end":{"line":94,"column":null}},"15":{"start":{"line":94,"column":57},"end":{"line":94,"column":60}},"16":{"start":{"line":95,"column":4},"end":{"line":95,"column":null}},"17":{"start":{"line":98,"column":2},"end":{"line":98,"column":null}},"18":{"start":{"line":105,"column":19},"end":{"line":114,"column":null}},"19":{"start":{"line":116,"column":2},"end":{"line":118,"column":null}},"20":{"start":{"line":117,"column":4},"end":{"line":117,"column":null}},"21":{"start":{"line":120,"column":2},"end":{"line":120,"column":null}},"22":{"start":{"line":127,"column":19},"end":{"line":136,"column":null}},"23":{"start":{"line":138,"column":2},"end":{"line":140,"column":null}},"24":{"start":{"line":139,"column":4},"end":{"line":139,"column":null}},"25":{"start":{"line":142,"column":2},"end":{"line":142,"column":null}},"26":{"start":{"line":156,"column":19},"end":{"line":165,"column":null}},"27":{"start":{"line":167,"column":2},"end":{"line":170,"column":null}},"28":{"start":{"line":168,"column":22},"end":{"line":168,"column":null}},"29":{"start":{"line":168,"column":57},"end":{"line":168,"column":60}},"30":{"start":{"line":169,"column":4},"end":{"line":169,"column":null}},"31":{"start":{"line":172,"column":2},"end":{"line":172,"column":null}}},"fnMap":{"0":{"name":"searchExercises","decl":{"start":{"line":73,"column":22},"end":{"line":73,"column":38}},"loc":{"start":{"line":73,"column":93},"end":{"line":99,"column":null}},"line":73},"1":{"name":"(anonymous_1)","decl":{"start":{"line":94,"column":50},"end":{"line":94,"column":57}},"loc":{"start":{"line":94,"column":57},"end":{"line":94,"column":60}},"line":94},"2":{"name":"getExerciseFilters","decl":{"start":{"line":104,"column":22},"end":{"line":104,"column":69}},"loc":{"start":{"line":104,"column":69},"end":{"line":121,"column":null}},"line":104},"3":{"name":"getRateLimitStatus","decl":{"start":{"line":126,"column":22},"end":{"line":126,"column":69}},"loc":{"start":{"line":126,"column":69},"end":{"line":143,"column":null}},"line":126},"4":{"name":"getExerciseDetail","decl":{"start":{"line":148,"column":22},"end":{"line":148,"column":40}},"loc":{"start":{"line":155,"column":3},"end":{"line":173,"column":null}},"line":155},"5":{"name":"(anonymous_5)","decl":{"start":{"line":168,"column":50},"end":{"line":168,"column":57}},"loc":{"start":{"line":168,"column":57},"end":{"line":168,"column":60}},"line":168}},"branchMap":{"0":{"loc":{"start":{"line":6,"column":24},"end":{"line":6,"column":84}},"type":"binary-expr","locations":[{"start":{"line":6,"column":24},"end":{"line":6,"column":61}},{"start":{"line":6,"column":61},"end":{"line":6,"column":84}}],"line":6},"1":{"loc":{"start":{"line":76,"column":2},"end":{"line":76,"column":null}},"type":"if","locations":[{"start":{"line":76,"column":2},"end":{"line":76,"column":null}},{"start":{},"end":{}}],"line":76},"2":{"loc":{"start":{"line":77,"column":2},"end":{"line":77,"column":null}},"type":"if","locations":[{"start":{"line":77,"column":2},"end":{"line":77,"column":null}},{"start":{},"end":{}}],"line":77},"3":{"loc":{"start":{"line":78,"column":2},"end":{"line":78,"column":null}},"type":"if","locations":[{"start":{"line":78,"column":2},"end":{"line":78,"column":null}},{"start":{},"end":{}}],"line":78},"4":{"loc":{"start":{"line":79,"column":2},"end":{"line":79,"column":null}},"type":"if","locations":[{"start":{"line":79,"column":2},"end":{"line":79,"column":null}},{"start":{},"end":{}}],"line":79},"5":{"loc":{"start":{"line":80,"column":2},"end":{"line":80,"column":null}},"type":"if","locations":[{"start":{"line":80,"column":2},"end":{"line":80,"column":null}},{"start":{},"end":{}}],"line":80},"6":{"loc":{"start":{"line":93,"column":2},"end":{"line":96,"column":null}},"type":"if","locations":[{"start":{"line":93,"column":2},"end":{"line":96,"column":null}},{"start":{},"end":{}}],"line":93},"7":{"loc":{"start":{"line":95,"column":20},"end":{"line":95,"column":93}},"type":"binary-expr","locations":[{"start":{"line":95,"column":20},"end":{"line":95,"column":41}},{"start":{"line":95,"column":41},"end":{"line":95,"column":93}}],"line":95},"8":{"loc":{"start":{"line":116,"column":2},"end":{"line":118,"column":null}},"type":"if","locations":[{"start":{"line":116,"column":2},"end":{"line":118,"column":null}},{"start":{},"end":{}}],"line":116},"9":{"loc":{"start":{"line":138,"column":2},"end":{"line":140,"column":null}},"type":"if","locations":[{"start":{"line":138,"column":2},"end":{"line":140,"column":null}},{"start":{},"end":{}}],"line":138},"10":{"loc":{"start":{"line":167,"column":2},"end":{"line":170,"column":null}},"type":"if","locations":[{"start":{"line":167,"column":2},"end":{"line":170,"column":null}},{"start":{},"end":{}}],"line":167},"11":{"loc":{"start":{"line":169,"column":20},"end":{"line":169,"column":99}},"type":"binary-expr","locations":[{"start":{"line":169,"column":20},"end":{"line":169,"column":41}},{"start":{"line":169,"column":41},"end":{"line":169,"column":99}}],"line":169}},"s":{"0":1,"1":0,"2":0,"3":0,"4":0,"5":0,"6":0,"7":0,"8":0,"9":0,"10":0,"11":0,"12":0,"13":0,"14":0,"15":0,"16":0,"17":0,"18":0,"19":0,"20":0,"21":0,"22":0,"23":0,"24":0,"25":0,"26":0,"27":0,"28":0,"29":0,"30":0,"31":0},"f":{"0":0,"1":0,"2":0,"3":0,"4":0,"5":0},"b":{"0":[1,0],"1":[0,0],"2":[0,0],"3":[0,0],"4":[0,0],"5":[0,0],"6":[0,0],"7":[0,0],"8":[0,0],"9":[0,0],"10":[0,0],"11":[0,0]},"meta":{"lastBranch":12,"lastFunction":6,"lastStatement":32,"seen":{"s:6:24:6:Infinity":0,"b:6:24:6:61:6:61:6:84":0,"f:73:22:73:38":0,"s:74:22:74:Infinity":1,"b:76:2:76:Infinity:undefined:undefined:undefined:undefined":1,"s:76:2:76:Infinity":2,"s:76:19:76:Infinity":3,"b:77:2:77:Infinity:undefined:undefined:undefined:undefined":2,"s:77:2:77:Infinity":4,"s:77:24:77:Infinity":5,"b:78:2:78:Infinity:undefined:undefined:undefined:undefined":3,"s:78:2:78:Infinity":6,"s:78:25:78:Infinity":7,"b:79:2:79:Infinity:undefined:undefined:undefined:undefined":4,"s:79:2:79:Infinity":8,"s:79:23:79:Infinity":9,"b:80:2:80:Infinity:undefined:undefined:undefined:undefined":5,"s:80:2:80:Infinity":10,"s:80:20:80:Infinity":11,"s:82:19:91:Infinity":12,"b:93:2:96:Infinity:undefined:undefined:undefined:undefined":6,"s:93:2:96:Infinity":13,"s:94:22:94:Infinity":14,"f:94:50:94:57":1,"s:94:57:94:60":15,"s:95:4:95:Infinity":16,"b:95:20:95:41:95:41:95:93":7,"s:98:2:98:Infinity":17,"f:104:22:104:69":2,"s:105:19:114:Infinity":18,"b:116:2:118:Infinity:undefined:undefined:undefined:undefined":8,"s:116:2:118:Infinity":19,"s:117:4:117:Infinity":20,"s:120:2:120:Infinity":21,"f:126:22:126:69":3,"s:127:19:136:Infinity":22,"b:138:2:140:Infinity:undefined:undefined:undefined:undefined":9,"s:138:2:140:Infinity":23,"s:139:4:139:Infinity":24,"s:142:2:142:Infinity":25,"f:148:22:148:40":4,"s:156:19:165:Infinity":26,"b:167:2:170:Infinity:undefined:undefined:undefined:undefined":10,"s:167:2:170:Infinity":27,"s:168:22:168:Infinity":28,"f:168:50:168:57":5,"s:168:57:168:60":29,"s:169:4:169:Infinity":30,"b:169:20:169:41:169:41:169:99":11,"s:172:2:172:Infinity":31}}}
}
